{"/Users/billy3321/git/cic/ivod_transcript_db/app/components/ChevronIcon.tsx": {"path":"/Users/billy3321/git/cic/ivod_transcript_db/app/components/ChevronIcon.tsx","statementMap":{"0":{"start":{"line":2,"column":0},"end":{"line":2,"column":38}},"1":{"start":{"line":9,"column":42},"end":{"line":25,"column":1}},"2":{"start":{"line":9,"column":54},"end":{"line":9,"column":56}},"3":{"start":{"line":9,"column":56},"end":{"line":9,"column":65}},"4":{"start":{"line":9,"column":65},"end":{"line":9,"column":79}},"5":{"start":{"line":10,"column":2},"end":{"line":24,"column":4}},"6":{"start":{"line":27,"column":0},"end":{"line":27,"column":27}}},"fnMap":{"0":{"name":"(anonymous_3)","decl":{"start":{"line":9,"column":42},"end":{"line":9,"column":43}},"loc":{"start":{"line":9,"column":79},"end":{"line":25,"column":1}}}},"branchMap":{"0":{"loc":{"start":{"line":9,"column":65},"end":{"line":9,"column":79}},"type":"cond-expr","locations":[{"start":{"line":9,"column":68},"end":{"line":9,"column":77}},{"start":{"line":9,"column":77},"end":{"line":9,"column":79}}]},"1":{"loc":{"start":{"line":17,"column":66},"end":{"line":17,"column":95}},"type":"cond-expr","locations":[{"start":{"line":17,"column":78},"end":{"line":17,"column":90}},{"start":{"line":17,"column":93},"end":{"line":17,"column":95}}]}},"s":{"0":1,"1":1,"2":20,"3":20,"4":20,"5":20,"6":1},"f":{"0":20},"b":{"0":[0,20],"1":[4,16]}}
,"/Users/billy3321/git/cic/ivod_transcript_db/app/components/ClientOnly.tsx": {"path":"/Users/billy3321/git/cic/ivod_transcript_db/app/components/ClientOnly.tsx","statementMap":{"0":{"start":{"line":1,"column":0},"end":{"line":1,"column":55}},"1":{"start":{"line":8,"column":45},"end":{"line":8,"column":47}},"2":{"start":{"line":8,"column":47},"end":{"line":8,"column":55}},"3":{"start":{"line":8,"column":55},"end":{"line":8,"column":81}},"4":{"start":{"line":9,"column":38},"end":{"line":9,"column":53}},"5":{"start":{"line":9,"column":19},"end":{"line":9,"column":21}},"6":{"start":{"line":9,"column":34},"end":{"line":9,"column":38}},"7":{"start":{"line":11,"column":2},"end":{"line":13,"column":9}},"8":{"start":{"line":12,"column":4},"end":{"line":12,"column":24}},"9":{"start":{"line":15,"column":2},"end":{"line":17,"column":null}},"10":{"start":{"line":16,"column":4},"end":{"line":16,"column":27}},"11":{"start":{"line":19,"column":2},"end":{"line":19,"column":25}},"12":{"start":{"line":8,"column":0},"end":{"line":8,"column":24}}},"fnMap":{"0":{"name":"ClientOnly","decl":{"start":{"line":8,"column":24},"end":{"line":8,"column":34}},"loc":{"start":{"line":8,"column":81},"end":{"line":20,"column":1}}},"1":{"name":"(anonymous_1)","decl":{"start":{"line":11,"column":12},"end":{"line":11,"column":null}},"loc":{"start":{"line":11,"column":12},"end":{"line":13,"column":3}}}},"branchMap":{"0":{"loc":{"start":{"line":8,"column":55},"end":{"line":8,"column":81}},"type":"cond-expr","locations":[{"start":{"line":8,"column":58},"end":{"line":8,"column":62}},{"start":{"line":8,"column":62},"end":{"line":8,"column":81}}]},"1":{"loc":{"start":{"line":15,"column":2},"end":{"line":17,"column":null}},"type":"if","locations":[{"start":{"line":15,"column":2},"end":{"line":17,"column":null}}]}},"s":{"0":1,"1":40,"2":40,"3":40,"4":40,"5":40,"6":40,"7":40,"8":20,"9":40,"10":20,"11":20,"12":1},"f":{"0":40,"1":20},"b":{"0":[0,40],"1":[20]}}
,"/Users/billy3321/git/cic/ivod_transcript_db/app/components/ErrorBoundary.tsx": {"path":"/Users/billy3321/git/cic/ivod_transcript_db/app/components/ErrorBoundary.tsx","statementMap":{"0":{"start":{"line":1,"column":0},"end":{"line":1,"column":51}},"1":{"start":{"line":2,"column":0},"end":{"line":2,"column":52}},"2":{"start":{"line":15,"column":0},"end":{"line":15,"column":51}},"3":{"start":{"line":15,"column":28},"end":{"line":15,"column":37}},"4":{"start":{"line":17,"column":4},"end":{"line":17,"column":null}},"5":{"start":{"line":18,"column":4},"end":{"line":18,"column":null}},"6":{"start":{"line":21,"column":9},"end":{"line":24,"column":null}},"7":{"start":{"line":23,"column":4},"end":{"line":23,"column":null}},"8":{"start":{"line":26,"column":2},"end":{"line":46,"column":null}},"9":{"start":{"line":28,"column":4},"end":{"line":28,"column":null}},"10":{"start":{"line":29,"column":4},"end":{"line":29,"column":null}},"11":{"start":{"line":30,"column":4},"end":{"line":30,"column":null}},"12":{"start":{"line":31,"column":4},"end":{"line":31,"column":null}},"13":{"start":{"line":32,"column":4},"end":{"line":32,"column":null}},"14":{"start":{"line":35,"column":4},"end":{"line":40,"column":null}},"15":{"start":{"line":42,"column":4},"end":{"line":45,"column":null}},"16":{"start":{"line":48,"column":2},"end":{"line":126,"column":null}},"17":{"start":{"line":48,"column":2},"end":{"line":48,"column":8}},"18":{"start":{"line":49,"column":4},"end":{"line":123,"column":null}},"19":{"start":{"line":51,"column":6},"end":{"line":53,"column":null}},"20":{"start":{"line":52,"column":8},"end":{"line":52,"column":null}},"21":{"start":{"line":55,"column":6},"end":{"line":122,"column":null}},"22":{"start":{"line":108,"column":31},"end":{"line":108,"column":null}},"23":{"start":{"line":114,"column":31},"end":{"line":114,"column":null}},"24":{"start":{"line":125,"column":4},"end":{"line":125,"column":null}},"25":{"start":{"line":127,"column":0},"end":{"line":127,"column":null}},"26":{"start":{"line":129,"column":0},"end":{"line":129,"column":null}}},"fnMap":{"0":{"name":"(anonymous_14)","decl":{"start":{"line":15,"column":0},"end":{"line":15,"column":28}},"loc":{"start":{"line":15,"column":0},"end":{"line":127,"column":null}}},"1":{"name":"ErrorBoundary","decl":{"start":{"line":16,"column":2},"end":{"line":16,"column":14}},"loc":{"start":{"line":16,"column":26},"end":{"line":19,"column":3}}},"2":{"name":"(anonymous_16)","decl":{"start":{"line":21,"column":2},"end":{"line":21,"column":9}},"loc":{"start":{"line":21,"column":46},"end":{"line":24,"column":3}}},"3":{"name":"(anonymous_17)","decl":{"start":{"line":26,"column":2},"end":{"line":26,"column":19}},"loc":{"start":{"line":26,"column":60},"end":{"line":46,"column":3}}},"4":{"name":"(anonymous_18)","decl":{"start":{"line":48,"column":2},"end":{"line":48,"column":8}},"loc":{"start":{"line":48,"column":2},"end":{"line":126,"column":3}}},"5":{"name":"(anonymous_19)","decl":{"start":{"line":108,"column":25},"end":{"line":108,"column":31}},"loc":{"start":{"line":108,"column":25},"end":{"line":108,"column":37}}},"6":{"name":"(anonymous_20)","decl":{"start":{"line":114,"column":25},"end":{"line":114,"column":31}},"loc":{"start":{"line":114,"column":25},"end":{"line":114,"column":35}}}},"branchMap":{"0":{"loc":{"start":{"line":17,"column":4},"end":{"line":17,"column":null}},"type":"binary-expr","locations":[{"start":{"line":17,"column":4},"end":{"line":17,"column":16}},{"start":{"line":17,"column":16},"end":{"line":17,"column":null}}]},"1":{"loc":{"start":{"line":49,"column":4},"end":{"line":123,"column":null}},"type":"if","locations":[{"start":{"line":49,"column":4},"end":{"line":123,"column":null}}]},"2":{"loc":{"start":{"line":51,"column":6},"end":{"line":53,"column":null}},"type":"if","locations":[{"start":{"line":51,"column":6},"end":{"line":53,"column":null}}]},"3":{"loc":{"start":{"line":74,"column":13},"end":{"line":82,"column":null}},"type":"binary-expr","locations":[{"start":{"line":74,"column":13},"end":{"line":74,"column":29}},{"start":{"line":75,"column":14},"end":{"line":81,"column":null}}]},"4":{"loc":{"start":{"line":85,"column":13},"end":{"line":103,"column":null}},"type":"binary-expr","locations":[{"start":{"line":85,"column":13},"end":{"line":85,"column":51}},{"start":{"line":85,"column":55},"end":{"line":85,"column":71}},{"start":{"line":86,"column":14},"end":{"line":102,"column":null}}]},"5":{"loc":{"start":{"line":94,"column":19},"end":{"line":100,"column":null}},"type":"binary-expr","locations":[{"start":{"line":94,"column":19},"end":{"line":94,"column":39}},{"start":{"line":95,"column":20},"end":{"line":99,"column":null}}]}},"s":{"0":1,"1":1,"2":1,"3":1,"4":41,"5":40,"6":1,"7":38,"8":1,"9":19,"10":19,"11":19,"12":19,"13":19,"14":19,"15":19,"16":1,"17":99,"18":99,"19":57,"20":3,"21":54,"22":0,"23":0,"24":42,"25":1,"26":1},"f":{"0":1,"1":41,"2":38,"3":19,"4":99,"5":0,"6":0},"b":{"0":[41,40],"1":[57],"2":[3],"3":[54,54],"4":[54,6,6],"5":[6,2]}}
,"/Users/billy3321/git/cic/ivod_transcript_db/app/components/Header.tsx": {"path":"/Users/billy3321/git/cic/ivod_transcript_db/app/components/Header.tsx","statementMap":{"0":{"start":{"line":2,"column":0},"end":{"line":2,"column":28}},"1":{"start":{"line":3,"column":0},"end":{"line":3,"column":39}},"2":{"start":{"line":4,"column":0},"end":{"line":4,"column":31}},"3":{"start":{"line":10,"column":32},"end":{"line":87,"column":1}},"4":{"start":{"line":10,"column":46},"end":{"line":10,"column":48}},"5":{"start":{"line":11,"column":17},"end":{"line":11,"column":28}},"6":{"start":{"line":13,"column":19},"end":{"line":16,"column":null}},"7":{"start":{"line":18,"column":2},"end":{"line":86,"column":null}},"8":{"start":{"line":70,"column":30},"end":{"line":83,"column":10}},"9":{"start":{"line":89,"column":0},"end":{"line":89,"column":null}}},"fnMap":{"0":{"name":"(anonymous_3)","decl":{"start":{"line":10,"column":32},"end":{"line":10,"column":33}},"loc":{"start":{"line":10,"column":48},"end":{"line":87,"column":1}}},"1":{"name":"(anonymous_4)","decl":{"start":{"line":70,"column":22},"end":{"line":70,"column":26}},"loc":{"start":{"line":70,"column":26},"end":{"line":70,"column":null}}}},"branchMap":{"0":{"loc":{"start":{"line":75,"column":14},"end":{"line":77,"column":72}},"type":"cond-expr","locations":[{"start":{"line":76,"column":18},"end":{"line":76,"column":49}},{"start":{"line":77,"column":18},"end":{"line":77,"column":72}}]}},"s":{"0":1,"1":1,"2":1,"3":1,"4":26,"5":26,"6":26,"7":26,"8":52,"9":1},"f":{"0":26,"1":52},"b":{"0":[25,27]}}
,"/Users/billy3321/git/cic/ivod_transcript_db/app/components/Icon.tsx": {"path":"/Users/billy3321/git/cic/ivod_transcript_db/app/components/Icon.tsx","statementMap":{"0":{"start":{"line":8,"column":28},"end":{"line":35,"column":1}},"1":{"start":{"line":8,"column":35},"end":{"line":8,"column":37}},"2":{"start":{"line":8,"column":37},"end":{"line":8,"column":46}},"3":{"start":{"line":8,"column":46},"end":{"line":8,"column":60}},"4":{"start":{"line":9,"column":20},"end":{"line":19,"column":4}},"5":{"start":{"line":21,"column":2},"end":{"line":34,"column":4}},"6":{"start":{"line":37,"column":0},"end":{"line":37,"column":20}}},"fnMap":{"0":{"name":"(anonymous_2)","decl":{"start":{"line":8,"column":28},"end":{"line":8,"column":29}},"loc":{"start":{"line":8,"column":60},"end":{"line":35,"column":1}}}},"branchMap":{"0":{"loc":{"start":{"line":8,"column":46},"end":{"line":8,"column":60}},"type":"cond-expr","locations":[{"start":{"line":8,"column":49},"end":{"line":8,"column":58}},{"start":{"line":8,"column":58},"end":{"line":8,"column":60}}]}},"s":{"0":2,"1":25,"2":25,"3":25,"4":25,"5":25,"6":2},"f":{"0":25},"b":{"0":[0,25]}}
,"/Users/billy3321/git/cic/ivod_transcript_db/app/components/SearchHeader.tsx": {"path":"/Users/billy3321/git/cic/ivod_transcript_db/app/components/SearchHeader.tsx","statementMap":{"0":{"start":{"line":2,"column":0},"end":{"line":2,"column":26}},"1":{"start":{"line":3,"column":0},"end":{"line":3,"column":40}},"2":{"start":{"line":33,"column":13},"end":{"line":33,"column":null}},"3":{"start":{"line":34,"column":16},"end":{"line":34,"column":null}},"4":{"start":{"line":35,"column":13},"end":{"line":35,"column":null}},"5":{"start":{"line":36,"column":16},"end":{"line":36,"column":null}},"6":{"start":{"line":37,"column":11},"end":{"line":37,"column":null}},"7":{"start":{"line":38,"column":14},"end":{"line":38,"column":null}},"8":{"start":{"line":39,"column":15},"end":{"line":39,"column":null}},"9":{"start":{"line":40,"column":18},"end":{"line":40,"column":null}},"10":{"start":{"line":41,"column":20},"end":{"line":41,"column":null}},"11":{"start":{"line":42,"column":23},"end":{"line":42,"column":null}},"12":{"start":{"line":43,"column":18},"end":{"line":43,"column":null}},"13":{"start":{"line":44,"column":10},"end":{"line":44,"column":null}},"14":{"start":{"line":45,"column":16},"end":{"line":45,"column":null}},"15":{"start":{"line":46,"column":12},"end":{"line":46,"column":null}},"16":{"start":{"line":48,"column":36},"end":{"line":50,"column":3}},"17":{"start":{"line":49,"column":4},"end":{"line":49,"column":57}},"18":{"start":{"line":52,"column":2},"end":{"line":220,"column":4}},"19":{"start":{"line":67,"column":31},"end":{"line":67,"column":null}},"20":{"start":{"line":78,"column":31},"end":{"line":78,"column":null}},"21":{"start":{"line":116,"column":25},"end":{"line":116,"column":null}},"22":{"start":{"line":135,"column":29},"end":{"line":135,"column":null}},"23":{"start":{"line":156,"column":31},"end":{"line":156,"column":null}},"24":{"start":{"line":171,"column":31},"end":{"line":171,"column":null}},"25":{"start":{"line":186,"column":31},"end":{"line":186,"column":null}},"26":{"start":{"line":200,"column":31},"end":{"line":200,"column":null}},"27":{"start":{"line":213,"column":31},"end":{"line":213,"column":null}},"28":{"start":{"line":32,"column":0},"end":{"line":32,"column":24}}},"fnMap":{"0":{"name":"SearchHeader","decl":{"start":{"line":32,"column":24},"end":{"line":32,"column":36}},"loc":{"start":{"line":47,"column":20},"end":{"line":221,"column":1}}},"1":{"name":"(anonymous_4)","decl":{"start":{"line":48,"column":36},"end":{"line":48,"column":37}},"loc":{"start":{"line":48,"column":82},"end":{"line":50,"column":3}}},"2":{"name":"(anonymous_5)","decl":{"start":{"line":67,"column":24},"end":{"line":67,"column":25}},"loc":{"start":{"line":67,"column":26},"end":{"line":67,"column":45}}},"3":{"name":"(anonymous_6)","decl":{"start":{"line":78,"column":24},"end":{"line":78,"column":25}},"loc":{"start":{"line":78,"column":26},"end":{"line":78,"column":45}}},"4":{"name":"(anonymous_7)","decl":{"start":{"line":116,"column":19},"end":{"line":116,"column":25}},"loc":{"start":{"line":116,"column":19},"end":{"line":116,"column":46}}},"5":{"name":"(anonymous_8)","decl":{"start":{"line":135,"column":22},"end":{"line":135,"column":23}},"loc":{"start":{"line":135,"column":24},"end":{"line":135,"column":41}}},"6":{"name":"(anonymous_9)","decl":{"start":{"line":156,"column":24},"end":{"line":156,"column":25}},"loc":{"start":{"line":156,"column":26},"end":{"line":156,"column":56}}},"7":{"name":"(anonymous_10)","decl":{"start":{"line":171,"column":24},"end":{"line":171,"column":25}},"loc":{"start":{"line":171,"column":26},"end":{"line":171,"column":56}}},"8":{"name":"(anonymous_11)","decl":{"start":{"line":186,"column":24},"end":{"line":186,"column":25}},"loc":{"start":{"line":186,"column":26},"end":{"line":186,"column":56}}},"9":{"name":"(anonymous_12)","decl":{"start":{"line":200,"column":24},"end":{"line":200,"column":25}},"loc":{"start":{"line":200,"column":26},"end":{"line":200,"column":56}}},"10":{"name":"(anonymous_13)","decl":{"start":{"line":213,"column":24},"end":{"line":213,"column":25}},"loc":{"start":{"line":213,"column":26},"end":{"line":213,"column":56}}}},"branchMap":{"0":{"loc":{"start":{"line":65,"column":27},"end":{"line":65,"column":88}},"type":"cond-expr","locations":[{"start":{"line":65,"column":51},"end":{"line":65,"column":73}},{"start":{"line":65,"column":76},"end":{"line":65,"column":88}}]},"1":{"loc":{"start":{"line":124,"column":11},"end":{"line":130,"column":null}},"type":"binary-expr","locations":[{"start":{"line":124,"column":11},"end":{"line":124,"column":27}},{"start":{"line":125,"column":12},"end":{"line":127,"column":null}}]},"2":{"loc":{"start":{"line":145,"column":7},"end":{"line":217,"column":null}},"type":"binary-expr","locations":[{"start":{"line":145,"column":7},"end":{"line":145,"column":25}},{"start":{"line":146,"column":8},"end":{"line":216,"column":null}}]}},"s":{"0":1,"1":1,"2":20,"3":20,"4":20,"5":20,"6":20,"7":20,"8":20,"9":20,"10":20,"11":20,"12":20,"13":20,"14":20,"15":20,"16":20,"17":0,"18":20,"19":1,"20":1,"21":1,"22":0,"23":0,"24":0,"25":0,"26":0,"27":0,"28":1},"f":{"0":20,"1":0,"2":1,"3":1,"4":1,"5":0,"6":0,"7":0,"8":0,"9":0,"10":0},"b":{"0":[20,0],"1":[20,2],"2":[20,4]}}
,"/Users/billy3321/git/cic/ivod_transcript_db/app/components/SearchResults.tsx": {"path":"/Users/billy3321/git/cic/ivod_transcript_db/app/components/SearchResults.tsx","statementMap":{"0":{"start":{"line":2,"column":0},"end":{"line":2,"column":26}},"1":{"start":{"line":3,"column":0},"end":{"line":3,"column":26}},"2":{"start":{"line":15,"column":6},"end":{"line":15,"column":null}},"3":{"start":{"line":16,"column":9},"end":{"line":16,"column":null}},"4":{"start":{"line":17,"column":13},"end":{"line":17,"column":null}},"5":{"start":{"line":18,"column":13},"end":{"line":18,"column":null}},"6":{"start":{"line":19,"column":25},"end":{"line":19,"column":null}},"7":{"start":{"line":22,"column":29},"end":{"line":54,"column":3}},"8":{"start":{"line":23,"column":4},"end":{"line":23,"column":27}},"9":{"start":{"line":23,"column":15},"end":{"line":23,"column":27}},"10":{"start":{"line":25,"column":4},"end":{"line":53,"column":6}},"11":{"start":{"line":57,"column":21},"end":{"line":74,"column":3}},"12":{"start":{"line":58,"column":4},"end":{"line":60,"column":null}},"13":{"start":{"line":59,"column":6},"end":{"line":59,"column":48}},"14":{"start":{"line":62,"column":4},"end":{"line":64,"column":null}},"15":{"start":{"line":63,"column":6},"end":{"line":63,"column":40}},"16":{"start":{"line":67,"column":4},"end":{"line":73,"column":6}},"17":{"start":{"line":76,"column":2},"end":{"line":83,"column":4}},"18":{"start":{"line":14,"column":0},"end":{"line":14,"column":24}}},"fnMap":{"0":{"name":"SearchResults","decl":{"start":{"line":14,"column":24},"end":{"line":14,"column":37}},"loc":{"start":{"line":20,"column":21},"end":{"line":84,"column":1}}},"1":{"name":"(anonymous_4)","decl":{"start":{"line":22,"column":29},"end":{"line":22,"column":null}},"loc":{"start":{"line":22,"column":29},"end":{"line":54,"column":3}}},"2":{"name":"(anonymous_5)","decl":{"start":{"line":57,"column":21},"end":{"line":57,"column":null}},"loc":{"start":{"line":57,"column":21},"end":{"line":74,"column":3}}}},"branchMap":{"0":{"loc":{"start":{"line":23,"column":4},"end":{"line":23,"column":27}},"type":"if","locations":[{"start":{"line":23,"column":4},"end":{"line":23,"column":27}}]},"1":{"loc":{"start":{"line":28,"column":46},"end":{"line":28,"column":67}},"type":"binary-expr","locations":[{"start":{"line":28,"column":46},"end":{"line":28,"column":62}},{"start":{"line":28,"column":66},"end":{"line":28,"column":67}}]},"2":{"loc":{"start":{"line":28,"column":46},"end":{"line":28,"column":62}},"type":"cond-expr","locations":[{"start":{"line":28,"column":55},"end":{"line":28,"column":57}},{"start":{"line":28,"column":55},"end":{"line":28,"column":62}}]},"3":{"loc":{"start":{"line":28,"column":46},"end":{"line":28,"column":57}},"type":"binary-expr","locations":[{"start":{"line":28,"column":46},"end":{"line":28,"column":57}},{"start":{"line":28,"column":55},"end":{"line":28,"column":57}}]},"4":{"loc":{"start":{"line":29,"column":11},"end":{"line":32,"column":null}},"type":"binary-expr","locations":[{"start":{"line":29,"column":11},"end":{"line":29,"column":39}},{"start":{"line":29,"column":43},"end":{"line":29,"column":77}},{"start":{"line":30,"column":12},"end":{"line":31,"column":null}}]},"5":{"loc":{"start":{"line":34,"column":11},"end":{"line":37,"column":null}},"type":"binary-expr","locations":[{"start":{"line":34,"column":11},"end":{"line":34,"column":32}},{"start":{"line":34,"column":36},"end":{"line":34,"column":47}},{"start":{"line":35,"column":12},"end":{"line":35,"column":null}}]},"6":{"loc":{"start":{"line":39,"column":11},"end":{"line":42,"column":null}},"type":"binary-expr","locations":[{"start":{"line":39,"column":11},"end":{"line":39,"column":39}},{"start":{"line":39,"column":43},"end":{"line":39,"column":54}},{"start":{"line":40,"column":12},"end":{"line":40,"column":null}}]},"7":{"loc":{"start":{"line":46,"column":9},"end":{"line":50,"column":null}},"type":"binary-expr","locations":[{"start":{"line":46,"column":9},"end":{"line":46,"column":16}},{"start":{"line":47,"column":10},"end":{"line":48,"column":null}}]},"8":{"loc":{"start":{"line":58,"column":4},"end":{"line":60,"column":null}},"type":"if","locations":[{"start":{"line":58,"column":4},"end":{"line":60,"column":null}}]},"9":{"loc":{"start":{"line":62,"column":4},"end":{"line":64,"column":null}},"type":"if","locations":[{"start":{"line":62,"column":4},"end":{"line":64,"column":null}}]},"10":{"loc":{"start":{"line":62,"column":8},"end":{"line":62,"column":42}},"type":"binary-expr","locations":[{"start":{"line":62,"column":8},"end":{"line":62,"column":18}},{"start":{"line":62,"column":22},"end":{"line":62,"column":42}}]},"11":{"loc":{"start":{"line":62,"column":8},"end":{"line":62,"column":18}},"type":"cond-expr","locations":[{"start":{"line":62,"column":12},"end":{"line":62,"column":14}},{"start":{"line":62,"column":8},"end":{"line":62,"column":18}}]},"12":{"loc":{"start":{"line":62,"column":8},"end":{"line":62,"column":14}},"type":"binary-expr","locations":[{"start":{"line":62,"column":8},"end":{"line":62,"column":14}},{"start":{"line":62,"column":8},"end":{"line":62,"column":14}}]}},"s":{"0":1,"1":1,"2":23,"3":23,"4":23,"5":23,"6":23,"7":23,"8":23,"9":2,"10":21,"11":23,"12":23,"13":2,"14":21,"15":16,"16":5,"17":23,"18":1},"f":{"0":23,"1":23,"2":23},"b":{"0":[2],"1":[21,5],"2":[1,20],"3":[21,21],"4":[21,4,2],"5":[21,17,2],"6":[21,4,1],"7":[21,2],"8":[2],"9":[16],"10":[21,19],"11":[2,19],"12":[21,19]}}
}
