{"/Users/billy3321/git/cic/ivod_transcript_db/app/lib/database-env.ts": {"path":"/Users/billy3321/git/cic/ivod_transcript_db/app/lib/database-env.ts","statementMap":{"0":{"start":{"line":14,"column":2},"end":{"line":16,"column":null}},"1":{"start":{"line":15,"column":4},"end":{"line":15,"column":21}},"2":{"start":{"line":19,"column":2},"end":{"line":21,"column":null}},"3":{"start":{"line":20,"column":4},"end":{"line":20,"column":24}},"4":{"start":{"line":24,"column":2},"end":{"line":26,"column":null}},"5":{"start":{"line":25,"column":4},"end":{"line":25,"column":24}},"6":{"start":{"line":29,"column":2},"end":{"line":29,"column":23}},"7":{"start":{"line":12,"column":0},"end":{"line":12,"column":16}},"8":{"start":{"line":36,"column":16},"end":{"line":36,"column":47}},"9":{"start":{"line":37,"column":18},"end":{"line":37,"column":67}},"10":{"start":{"line":39,"column":2},"end":{"line":48,"column":null}},"11":{"start":{"line":41,"column":6},"end":{"line":41,"column":36}},"12":{"start":{"line":43,"column":6},"end":{"line":43,"column":40}},"13":{"start":{"line":45,"column":6},"end":{"line":45,"column":35}},"14":{"start":{"line":47,"column":6},"end":{"line":47,"column":60}},"15":{"start":{"line":35,"column":0},"end":{"line":35,"column":16}},"16":{"start":{"line":55,"column":19},"end":{"line":55,"column":26}},"17":{"start":{"line":57,"column":2},"end":{"line":73,"column":null}},"18":{"start":{"line":59,"column":6},"end":{"line":62,"column":8}},"19":{"start":{"line":64,"column":6},"end":{"line":67,"column":8}},"20":{"start":{"line":69,"column":6},"end":{"line":72,"column":8}},"21":{"start":{"line":80,"column":21},"end":{"line":85,"column":4}},"22":{"start":{"line":88,"column":2},"end":{"line":98,"column":null}},"23":{"start":{"line":90,"column":6},"end":{"line":90,"column":58}},"24":{"start":{"line":91,"column":6},"end":{"line":91,"column":12}},"25":{"start":{"line":93,"column":6},"end":{"line":93,"column":56}},"26":{"start":{"line":94,"column":6},"end":{"line":94,"column":12}},"27":{"start":{"line":96,"column":6},"end":{"line":96,"column":48}},"28":{"start":{"line":97,"column":6},"end":{"line":97,"column":12}},"29":{"start":{"line":100,"column":2},"end":{"line":103,"column":4}},"30":{"start":{"line":110,"column":21},"end":{"line":115,"column":4}},"31":{"start":{"line":118,"column":2},"end":{"line":128,"column":null}},"32":{"start":{"line":120,"column":6},"end":{"line":120,"column":61}},"33":{"start":{"line":121,"column":6},"end":{"line":121,"column":12}},"34":{"start":{"line":123,"column":6},"end":{"line":123,"column":59}},"35":{"start":{"line":124,"column":6},"end":{"line":124,"column":12}},"36":{"start":{"line":126,"column":6},"end":{"line":126,"column":51}},"37":{"start":{"line":127,"column":6},"end":{"line":127,"column":12}},"38":{"start":{"line":130,"column":2},"end":{"line":133,"column":4}},"39":{"start":{"line":140,"column":16},"end":{"line":140,"column":47}},"40":{"start":{"line":142,"column":21},"end":{"line":148,"column":4}},"41":{"start":{"line":151,"column":2},"end":{"line":161,"column":null}},"42":{"start":{"line":153,"column":6},"end":{"line":153,"column":67}},"43":{"start":{"line":154,"column":6},"end":{"line":154,"column":12}},"44":{"start":{"line":156,"column":6},"end":{"line":156,"column":65}},"45":{"start":{"line":157,"column":6},"end":{"line":157,"column":12}},"46":{"start":{"line":159,"column":6},"end":{"line":159,"column":57}},"47":{"start":{"line":160,"column":6},"end":{"line":160,"column":12}},"48":{"start":{"line":163,"column":2},"end":{"line":165,"column":null}},"49":{"start":{"line":139,"column":0},"end":{"line":139,"column":16}}},"fnMap":{"0":{"name":"getDatabaseEnvironment","decl":{"start":{"line":12,"column":16},"end":{"line":12,"column":38}},"loc":{"start":{"line":12,"column":38},"end":{"line":30,"column":1}}},"1":{"name":"getDatabaseConfig","decl":{"start":{"line":35,"column":16},"end":{"line":35,"column":33}},"loc":{"start":{"line":35,"column":59},"end":{"line":49,"column":1}}},"2":{"name":"getSQLiteConfig","decl":{"start":{"line":54,"column":9},"end":{"line":54,"column":24}},"loc":{"start":{"line":54,"column":49},"end":{"line":74,"column":1}}},"3":{"name":"getPostgreSQLConfig","decl":{"start":{"line":79,"column":9},"end":{"line":79,"column":28}},"loc":{"start":{"line":79,"column":53},"end":{"line":104,"column":1}}},"4":{"name":"getMySQLConfig","decl":{"start":{"line":109,"column":9},"end":{"line":109,"column":23}},"loc":{"start":{"line":109,"column":48},"end":{"line":134,"column":1}}},"5":{"name":"getElasticsearchConfig","decl":{"start":{"line":139,"column":16},"end":{"line":139,"column":38}},"loc":{"start":{"line":139,"column":64},"end":{"line":167,"column":1}}}},"branchMap":{"0":{"loc":{"start":{"line":14,"column":2},"end":{"line":16,"column":null}},"type":"if","locations":[{"start":{"line":14,"column":2},"end":{"line":16,"column":null}}]},"1":{"loc":{"start":{"line":14,"column":6},"end":{"line":14,"column":67}},"type":"binary-expr","locations":[{"start":{"line":14,"column":6},"end":{"line":14,"column":37}},{"start":{"line":14,"column":41},"end":{"line":14,"column":67}}]},"2":{"loc":{"start":{"line":19,"column":2},"end":{"line":21,"column":null}},"type":"if","locations":[{"start":{"line":19,"column":2},"end":{"line":21,"column":null}}]},"3":{"loc":{"start":{"line":24,"column":2},"end":{"line":26,"column":null}},"type":"if","locations":[{"start":{"line":24,"column":2},"end":{"line":26,"column":null}}]},"4":{"loc":{"start":{"line":36,"column":16},"end":{"line":36,"column":47}},"type":"binary-expr","locations":[{"start":{"line":36,"column":16},"end":{"line":36,"column":19}},{"start":{"line":36,"column":23},"end":{"line":36,"column":47}}]},"5":{"loc":{"start":{"line":37,"column":18},"end":{"line":37,"column":67}},"type":"binary-expr","locations":[{"start":{"line":37,"column":18},"end":{"line":37,"column":55}},{"start":{"line":37,"column":59},"end":{"line":37,"column":67}}]},"6":{"loc":{"start":{"line":37,"column":18},"end":{"line":37,"column":55}},"type":"cond-expr","locations":[{"start":{"line":37,"column":40},"end":{"line":37,"column":42}},{"start":{"line":37,"column":40},"end":{"line":37,"column":55}}]},"7":{"loc":{"start":{"line":37,"column":18},"end":{"line":37,"column":42}},"type":"binary-expr","locations":[{"start":{"line":37,"column":18},"end":{"line":37,"column":42}},{"start":{"line":37,"column":40},"end":{"line":37,"column":42}}]},"8":{"loc":{"start":{"line":39,"column":2},"end":{"line":48,"column":null}},"type":"switch","locations":[{"start":{"line":40,"column":4},"end":{"line":41,"column":36}},{"start":{"line":42,"column":4},"end":{"line":43,"column":40}},{"start":{"line":44,"column":4},"end":{"line":45,"column":35}},{"start":{"line":46,"column":4},"end":{"line":47,"column":60}}]},"9":{"loc":{"start":{"line":57,"column":2},"end":{"line":73,"column":null}},"type":"switch","locations":[{"start":{"line":58,"column":4},"end":{"line":62,"column":8}},{"start":{"line":63,"column":4},"end":{"line":67,"column":8}},{"start":{"line":68,"column":4},"end":{"line":72,"column":8}}]},"10":{"loc":{"start":{"line":60,"column":14},"end":{"line":60,"column":72}},"type":"binary-expr","locations":[{"start":{"line":60,"column":14},"end":{"line":60,"column":42}},{"start":{"line":60,"column":46},"end":{"line":60,"column":72}}]},"11":{"loc":{"start":{"line":61,"column":23},"end":{"line":61,"column":81}},"type":"binary-expr","locations":[{"start":{"line":61,"column":23},"end":{"line":61,"column":51}},{"start":{"line":61,"column":55},"end":{"line":61,"column":81}}]},"12":{"loc":{"start":{"line":65,"column":14},"end":{"line":65,"column":70}},"type":"binary-expr","locations":[{"start":{"line":65,"column":14},"end":{"line":65,"column":41}},{"start":{"line":65,"column":45},"end":{"line":65,"column":70}}]},"13":{"loc":{"start":{"line":66,"column":23},"end":{"line":66,"column":79}},"type":"binary-expr","locations":[{"start":{"line":66,"column":23},"end":{"line":66,"column":50}},{"start":{"line":66,"column":54},"end":{"line":66,"column":79}}]},"14":{"loc":{"start":{"line":70,"column":14},"end":{"line":70,"column":68}},"type":"binary-expr","locations":[{"start":{"line":70,"column":14},"end":{"line":70,"column":37}},{"start":{"line":70,"column":41},"end":{"line":70,"column":68}}]},"15":{"loc":{"start":{"line":71,"column":23},"end":{"line":71,"column":77}},"type":"binary-expr","locations":[{"start":{"line":71,"column":23},"end":{"line":71,"column":46}},{"start":{"line":71,"column":50},"end":{"line":71,"column":77}}]},"16":{"loc":{"start":{"line":81,"column":10},"end":{"line":81,"column":44}},"type":"binary-expr","locations":[{"start":{"line":81,"column":10},"end":{"line":81,"column":29}},{"start":{"line":81,"column":33},"end":{"line":81,"column":44}}]},"17":{"loc":{"start":{"line":82,"column":10},"end":{"line":82,"column":39}},"type":"binary-expr","locations":[{"start":{"line":82,"column":10},"end":{"line":82,"column":29}},{"start":{"line":82,"column":33},"end":{"line":82,"column":39}}]},"18":{"loc":{"start":{"line":83,"column":10},"end":{"line":83,"column":44}},"type":"binary-expr","locations":[{"start":{"line":83,"column":10},"end":{"line":83,"column":29}},{"start":{"line":83,"column":33},"end":{"line":83,"column":44}}]},"19":{"loc":{"start":{"line":84,"column":10},"end":{"line":84,"column":48}},"type":"binary-expr","locations":[{"start":{"line":84,"column":10},"end":{"line":84,"column":29}},{"start":{"line":84,"column":33},"end":{"line":84,"column":48}}]},"20":{"loc":{"start":{"line":88,"column":2},"end":{"line":98,"column":null}},"type":"switch","locations":[{"start":{"line":89,"column":4},"end":{"line":91,"column":12}},{"start":{"line":92,"column":4},"end":{"line":94,"column":12}},{"start":{"line":95,"column":4},"end":{"line":97,"column":12}}]},"21":{"loc":{"start":{"line":90,"column":17},"end":{"line":90,"column":57}},"type":"binary-expr","locations":[{"start":{"line":90,"column":17},"end":{"line":90,"column":39}},{"start":{"line":90,"column":43},"end":{"line":90,"column":57}}]},"22":{"loc":{"start":{"line":93,"column":17},"end":{"line":93,"column":55}},"type":"binary-expr","locations":[{"start":{"line":93,"column":17},"end":{"line":93,"column":38}},{"start":{"line":93,"column":42},"end":{"line":93,"column":55}}]},"23":{"loc":{"start":{"line":96,"column":17},"end":{"line":96,"column":47}},"type":"binary-expr","locations":[{"start":{"line":96,"column":17},"end":{"line":96,"column":34}},{"start":{"line":96,"column":38},"end":{"line":96,"column":47}}]},"24":{"loc":{"start":{"line":111,"column":10},"end":{"line":111,"column":47}},"type":"binary-expr","locations":[{"start":{"line":111,"column":10},"end":{"line":111,"column":32}},{"start":{"line":111,"column":36},"end":{"line":111,"column":47}}]},"25":{"loc":{"start":{"line":112,"column":10},"end":{"line":112,"column":42}},"type":"binary-expr","locations":[{"start":{"line":112,"column":10},"end":{"line":112,"column":32}},{"start":{"line":112,"column":36},"end":{"line":112,"column":42}}]},"26":{"loc":{"start":{"line":113,"column":10},"end":{"line":113,"column":47}},"type":"binary-expr","locations":[{"start":{"line":113,"column":10},"end":{"line":113,"column":32}},{"start":{"line":113,"column":36},"end":{"line":113,"column":47}}]},"27":{"loc":{"start":{"line":114,"column":10},"end":{"line":114,"column":51}},"type":"binary-expr","locations":[{"start":{"line":114,"column":10},"end":{"line":114,"column":32}},{"start":{"line":114,"column":36},"end":{"line":114,"column":51}}]},"28":{"loc":{"start":{"line":118,"column":2},"end":{"line":128,"column":null}},"type":"switch","locations":[{"start":{"line":119,"column":4},"end":{"line":121,"column":12}},{"start":{"line":122,"column":4},"end":{"line":124,"column":12}},{"start":{"line":125,"column":4},"end":{"line":127,"column":12}}]},"29":{"loc":{"start":{"line":120,"column":17},"end":{"line":120,"column":60}},"type":"binary-expr","locations":[{"start":{"line":120,"column":17},"end":{"line":120,"column":42}},{"start":{"line":120,"column":46},"end":{"line":120,"column":60}}]},"30":{"loc":{"start":{"line":123,"column":17},"end":{"line":123,"column":58}},"type":"binary-expr","locations":[{"start":{"line":123,"column":17},"end":{"line":123,"column":41}},{"start":{"line":123,"column":45},"end":{"line":123,"column":58}}]},"31":{"loc":{"start":{"line":126,"column":17},"end":{"line":126,"column":50}},"type":"binary-expr","locations":[{"start":{"line":126,"column":17},"end":{"line":126,"column":37}},{"start":{"line":126,"column":41},"end":{"line":126,"column":50}}]},"32":{"loc":{"start":{"line":140,"column":16},"end":{"line":140,"column":47}},"type":"binary-expr","locations":[{"start":{"line":140,"column":16},"end":{"line":140,"column":19}},{"start":{"line":140,"column":23},"end":{"line":140,"column":47}}]},"33":{"loc":{"start":{"line":143,"column":10},"end":{"line":143,"column":44}},"type":"binary-expr","locations":[{"start":{"line":143,"column":10},"end":{"line":143,"column":29}},{"start":{"line":143,"column":33},"end":{"line":143,"column":44}}]},"34":{"loc":{"start":{"line":144,"column":10},"end":{"line":144,"column":39}},"type":"binary-expr","locations":[{"start":{"line":144,"column":10},"end":{"line":144,"column":29}},{"start":{"line":144,"column":33},"end":{"line":144,"column":39}}]},"35":{"loc":{"start":{"line":145,"column":12},"end":{"line":145,"column":43}},"type":"binary-expr","locations":[{"start":{"line":145,"column":12},"end":{"line":145,"column":33}},{"start":{"line":145,"column":37},"end":{"line":145,"column":43}}]},"36":{"loc":{"start":{"line":151,"column":2},"end":{"line":161,"column":null}},"type":"switch","locations":[{"start":{"line":152,"column":4},"end":{"line":154,"column":12}},{"start":{"line":155,"column":4},"end":{"line":157,"column":12}},{"start":{"line":158,"column":4},"end":{"line":160,"column":12}}]},"37":{"loc":{"start":{"line":153,"column":14},"end":{"line":153,"column":66}},"type":"binary-expr","locations":[{"start":{"line":153,"column":14},"end":{"line":153,"column":39}},{"start":{"line":153,"column":43},"end":{"line":153,"column":66}}]},"38":{"loc":{"start":{"line":156,"column":14},"end":{"line":156,"column":64}},"type":"binary-expr","locations":[{"start":{"line":156,"column":14},"end":{"line":156,"column":38}},{"start":{"line":156,"column":42},"end":{"line":156,"column":64}}]},"39":{"loc":{"start":{"line":159,"column":14},"end":{"line":159,"column":56}},"type":"binary-expr","locations":[{"start":{"line":159,"column":14},"end":{"line":159,"column":34}},{"start":{"line":159,"column":38},"end":{"line":159,"column":56}}]}},"s":{"0":2,"1":2,"2":0,"3":0,"4":0,"5":0,"6":0,"7":1,"8":1,"9":1,"10":1,"11":0,"12":0,"13":1,"14":0,"15":1,"16":0,"17":0,"18":0,"19":0,"20":0,"21":0,"22":0,"23":0,"24":0,"25":0,"26":0,"27":0,"28":0,"29":0,"30":1,"31":1,"32":1,"33":1,"34":0,"35":0,"36":0,"37":0,"38":1,"39":0,"40":0,"41":0,"42":0,"43":0,"44":0,"45":0,"46":0,"47":0,"48":0,"49":1},"f":{"0":2,"1":1,"2":0,"3":0,"4":1,"5":0},"b":{"0":[2],"1":[2,0],"2":[0],"3":[0],"4":[1,1],"5":[1,0],"6":[0,1],"7":[1,1],"8":[0,0,1,0],"9":[0,0,0],"10":[0,0],"11":[0,0],"12":[0,0],"13":[0,0],"14":[0,0],"15":[0,0],"16":[0,0],"17":[0,0],"18":[0,0],"19":[0,0],"20":[0,0,0],"21":[0,0],"22":[0,0],"23":[0,0],"24":[1,0],"25":[1,0],"26":[1,0],"27":[1,0],"28":[1,0,0],"29":[1,1],"30":[0,0],"31":[0,0],"32":[0,0],"33":[0,0],"34":[0,0],"35":[0,0],"36":[0,0,0],"37":[0,0],"38":[0,0],"39":[0,0]}}
,"/Users/billy3321/git/cic/ivod_transcript_db/app/lib/logger.ts": {"path":"/Users/billy3321/git/cic/ivod_transcript_db/app/lib/logger.ts","statementMap":{"0":{"start":{"line":47,"column":10},"end":{"line":52,"column":4}},"1":{"start":{"line":55,"column":4},"end":{"line":62,"column":6}},"2":{"start":{"line":65,"column":4},"end":{"line":67,"column":null}},"3":{"start":{"line":66,"column":6},"end":{"line":66,"column":32}},"4":{"start":{"line":71,"column":4},"end":{"line":78,"column":null}},"5":{"start":{"line":72,"column":17},"end":{"line":72,"column":30}},"6":{"start":{"line":73,"column":6},"end":{"line":75,"column":null}},"7":{"start":{"line":74,"column":8},"end":{"line":74,"column":69}},"8":{"start":{"line":77,"column":6},"end":{"line":77,"column":62}},"9":{"start":{"line":82,"column":4},"end":{"line":82,"column":74}},"10":{"start":{"line":86,"column":51},"end":{"line":86,"column":56}},"11":{"start":{"line":87,"column":20},"end":{"line":87,"column":70}},"12":{"start":{"line":89,"column":4},"end":{"line":89,"column":33}},"13":{"start":{"line":89,"column":18},"end":{"line":89,"column":33}},"14":{"start":{"line":91,"column":35},"end":{"line":91,"column":37}},"15":{"start":{"line":93,"column":4},"end":{"line":95,"column":null}},"16":{"start":{"line":94,"column":6},"end":{"line":94,"column":60}},"17":{"start":{"line":97,"column":4},"end":{"line":99,"column":null}},"18":{"start":{"line":98,"column":6},"end":{"line":98,"column":58}},"19":{"start":{"line":101,"column":4},"end":{"line":103,"column":null}},"20":{"start":{"line":102,"column":6},"end":{"line":102,"column":52}},"21":{"start":{"line":105,"column":4},"end":{"line":107,"column":null}},"22":{"start":{"line":106,"column":6},"end":{"line":106,"column":44}},"23":{"start":{"line":109,"column":4},"end":{"line":111,"column":null}},"24":{"start":{"line":110,"column":6},"end":{"line":110,"column":52}},"25":{"start":{"line":113,"column":23},"end":{"line":113,"column":85}},"26":{"start":{"line":115,"column":17},"end":{"line":115,"column":37}},"27":{"start":{"line":117,"column":4},"end":{"line":119,"column":null}},"28":{"start":{"line":118,"column":6},"end":{"line":118,"column":44}},"29":{"start":{"line":121,"column":4},"end":{"line":123,"column":null}},"30":{"start":{"line":122,"column":6},"end":{"line":122,"column":44}},"31":{"start":{"line":125,"column":4},"end":{"line":127,"column":null}},"32":{"start":{"line":126,"column":6},"end":{"line":126,"column":75}},"33":{"start":{"line":129,"column":4},"end":{"line":129,"column":18}},"34":{"start":{"line":133,"column":4},"end":{"line":133,"column":40}},"35":{"start":{"line":133,"column":33},"end":{"line":133,"column":40}},"36":{"start":{"line":135,"column":4},"end":{"line":148,"column":null}},"37":{"start":{"line":136,"column":19},"end":{"line":136,"column":34}},"38":{"start":{"line":137,"column":26},"end":{"line":137,"column":77}},"39":{"start":{"line":138,"column":26},"end":{"line":138,"column":75}},"40":{"start":{"line":139,"column":22},"end":{"line":139,"column":55}},"41":{"start":{"line":142,"column":6},"end":{"line":142,"column":38}},"42":{"start":{"line":144,"column":17},"end":{"line":144,"column":30}},"43":{"start":{"line":145,"column":6},"end":{"line":145,"column":54}},"44":{"start":{"line":147,"column":6},"end":{"line":147,"column":59}},"45":{"start":{"line":152,"column":4},"end":{"line":167,"column":null}},"46":{"start":{"line":153,"column":17},"end":{"line":153,"column":30}},"47":{"start":{"line":154,"column":6},"end":{"line":154,"column":46}},"48":{"start":{"line":154,"column":39},"end":{"line":154,"column":46}},"49":{"start":{"line":156,"column":20},"end":{"line":156,"column":44}},"50":{"start":{"line":157,"column":6},"end":{"line":164,"column":null}},"51":{"start":{"line":158,"column":26},"end":{"line":158,"column":72}},"52":{"start":{"line":159,"column":28},"end":{"line":159,"column":76}},"53":{"start":{"line":160,"column":8},"end":{"line":160,"column":48}},"54":{"start":{"line":163,"column":8},"end":{"line":163,"column":30}},"55":{"start":{"line":166,"column":6},"end":{"line":166,"column":57}},"56":{"start":{"line":171,"column":4},"end":{"line":191,"column":null}},"57":{"start":{"line":172,"column":17},"end":{"line":172,"column":30}},"58":{"start":{"line":173,"column":19},"end":{"line":173,"column":34}},"59":{"start":{"line":174,"column":20},"end":{"line":181,"column":72}},"60":{"start":{"line":175,"column":34},"end":{"line":175,"column":82}},"61":{"start":{"line":176,"column":32},"end":{"line":180,"column":10}},"62":{"start":{"line":181,"column":34},"end":{"line":181,"column":71}},"63":{"start":{"line":184,"column":6},"end":{"line":188,"column":null}},"64":{"start":{"line":185,"column":8},"end":{"line":187,"column":11}},"65":{"start":{"line":186,"column":10},"end":{"line":186,"column":35}},"66":{"start":{"line":190,"column":6},"end":{"line":190,"column":58}},"67":{"start":{"line":195,"column":4},"end":{"line":195,"column":39}},"68":{"start":{"line":195,"column":32},"end":{"line":195,"column":39}},"69":{"start":{"line":197,"column":28},"end":{"line":202,"column":6}},"70":{"start":{"line":204,"column":4},"end":{"line":221,"column":null}},"71":{"start":{"line":205,"column":24},"end":{"line":205,"column":50}},"72":{"start":{"line":207,"column":6},"end":{"line":220,"column":null}},"73":{"start":{"line":209,"column":10},"end":{"line":209,"column":35}},"74":{"start":{"line":210,"column":10},"end":{"line":210,"column":16}},"75":{"start":{"line":212,"column":10},"end":{"line":212,"column":34}},"76":{"start":{"line":213,"column":10},"end":{"line":213,"column":16}},"77":{"start":{"line":215,"column":10},"end":{"line":215,"column":34}},"78":{"start":{"line":216,"column":10},"end":{"line":216,"column":16}},"79":{"start":{"line":218,"column":10},"end":{"line":218,"column":35}},"80":{"start":{"line":219,"column":10},"end":{"line":219,"column":16}},"81":{"start":{"line":223,"column":4},"end":{"line":223,"column":28}},"82":{"start":{"line":227,"column":4},"end":{"line":227,"column":40}},"83":{"start":{"line":231,"column":4},"end":{"line":231,"column":39}},"84":{"start":{"line":235,"column":4},"end":{"line":235,"column":39}},"85":{"start":{"line":239,"column":4},"end":{"line":239,"column":40}},"86":{"start":{"line":244,"column":4},"end":{"line":252,"column":7}},"87":{"start":{"line":256,"column":4},"end":{"line":262,"column":7}},"88":{"start":{"line":266,"column":4},"end":{"line":271,"column":7}},"89":{"start":{"line":275,"column":4},"end":{"line":284,"column":7}},"90":{"start":{"line":288,"column":4},"end":{"line":292,"column":6}},"91":{"start":{"line":305,"column":9},"end":{"line":305,"column":15}},"92":{"start":{"line":297,"column":13},"end":{"line":302,"column":3}}},"fnMap":{"0":{"name":"(anonymous_0)","decl":{"start":{"line":54,"column":2},"end":{"line":54,"column":14}},"loc":{"start":{"line":54,"column":41},"end":{"line":68,"column":3}}},"1":{"name":"(anonymous_1)","decl":{"start":{"line":70,"column":10},"end":{"line":70,"column":28}},"loc":{"start":{"line":70,"column":28},"end":{"line":79,"column":3}}},"2":{"name":"(anonymous_2)","decl":{"start":{"line":81,"column":10},"end":{"line":81,"column":19}},"loc":{"start":{"line":81,"column":35},"end":{"line":83,"column":3}}},"3":{"name":"(anonymous_3)","decl":{"start":{"line":85,"column":10},"end":{"line":85,"column":24}},"loc":{"start":{"line":85,"column":40},"end":{"line":130,"column":3}}},"4":{"name":"(anonymous_4)","decl":{"start":{"line":132,"column":10},"end":{"line":132,"column":21}},"loc":{"start":{"line":132,"column":37},"end":{"line":149,"column":3}}},"5":{"name":"(anonymous_5)","decl":{"start":{"line":151,"column":10},"end":{"line":151,"column":23}},"loc":{"start":{"line":151,"column":43},"end":{"line":168,"column":3}}},"6":{"name":"(anonymous_6)","decl":{"start":{"line":170,"column":10},"end":{"line":170,"column":24}},"loc":{"start":{"line":170,"column":24},"end":{"line":192,"column":3}}},"7":{"name":"(anonymous_7)","decl":{"start":{"line":175,"column":16},"end":{"line":175,"column":17}},"loc":{"start":{"line":175,"column":34},"end":{"line":175,"column":82}}},"8":{"name":"(anonymous_8)","decl":{"start":{"line":176,"column":13},"end":{"line":176,"column":14}},"loc":{"start":{"line":176,"column":32},"end":{"line":180,"column":10}}},"9":{"name":"(anonymous_9)","decl":{"start":{"line":181,"column":14},"end":{"line":181,"column":15}},"loc":{"start":{"line":181,"column":34},"end":{"line":181,"column":71}}},"10":{"name":"(anonymous_10)","decl":{"start":{"line":185,"column":51},"end":{"line":185,"column":52}},"loc":{"start":{"line":185,"column":65},"end":{"line":187,"column":9}}},"11":{"name":"(anonymous_11)","decl":{"start":{"line":194,"column":10},"end":{"line":194,"column":13}},"loc":{"start":{"line":194,"column":77},"end":{"line":224,"column":3}}},"12":{"name":"(anonymous_12)","decl":{"start":{"line":226,"column":9},"end":{"line":226,"column":14}},"loc":{"start":{"line":226,"column":61},"end":{"line":228,"column":3}}},"13":{"name":"(anonymous_13)","decl":{"start":{"line":230,"column":9},"end":{"line":230,"column":13}},"loc":{"start":{"line":230,"column":60},"end":{"line":232,"column":3}}},"14":{"name":"(anonymous_14)","decl":{"start":{"line":234,"column":9},"end":{"line":234,"column":13}},"loc":{"start":{"line":234,"column":60},"end":{"line":236,"column":3}}},"15":{"name":"(anonymous_15)","decl":{"start":{"line":238,"column":9},"end":{"line":238,"column":14}},"loc":{"start":{"line":238,"column":61},"end":{"line":240,"column":3}}},"16":{"name":"(anonymous_16)","decl":{"start":{"line":243,"column":9},"end":{"line":243,"column":20}},"loc":{"start":{"line":243,"column":85},"end":{"line":253,"column":3}}},"17":{"name":"(anonymous_17)","decl":{"start":{"line":255,"column":9},"end":{"line":255,"column":22}},"loc":{"start":{"line":255,"column":73},"end":{"line":263,"column":3}}},"18":{"name":"(anonymous_18)","decl":{"start":{"line":265,"column":9},"end":{"line":265,"column":25}},"loc":{"start":{"line":265,"column":88},"end":{"line":272,"column":3}}},"19":{"name":"(anonymous_19)","decl":{"start":{"line":274,"column":9},"end":{"line":274,"column":23}},"loc":{"start":{"line":274,"column":102},"end":{"line":285,"column":3}}},"20":{"name":"(anonymous_20)","decl":{"start":{"line":287,"column":10},"end":{"line":287,"column":21}},"loc":{"start":{"line":287,"column":41},"end":{"line":293,"column":3}}}},"branchMap":{"0":{"loc":{"start":{"line":54,"column":14},"end":{"line":54,"column":41}},"type":"default-arg","locations":[{"start":{"line":54,"column":39},"end":{"line":54,"column":41}}]},"1":{"loc":{"start":{"line":56,"column":17},"end":{"line":56,"column":42}},"type":"cond-expr","locations":[{"start":{"line":56,"column":34},"end":{"line":56,"column":38}},{"start":{"line":56,"column":38},"end":{"line":56,"column":42}}]},"2":{"loc":{"start":{"line":56,"column":17},"end":{"line":56,"column":38}},"type":"binary-expr","locations":[{"start":{"line":56,"column":17},"end":{"line":56,"column":38}},{"start":{"line":56,"column":34},"end":{"line":56,"column":38}}]},"3":{"loc":{"start":{"line":57,"column":20},"end":{"line":57,"column":84}},"type":"cond-expr","locations":[{"start":{"line":57,"column":40},"end":{"line":57,"column":44}},{"start":{"line":57,"column":45},"end":{"line":57,"column":83}}]},"4":{"loc":{"start":{"line":57,"column":20},"end":{"line":57,"column":44}},"type":"binary-expr","locations":[{"start":{"line":57,"column":20},"end":{"line":57,"column":44}},{"start":{"line":57,"column":40},"end":{"line":57,"column":44}}]},"5":{"loc":{"start":{"line":58,"column":16},"end":{"line":58,"column":56}},"type":"cond-expr","locations":[{"start":{"line":58,"column":46},"end":{"line":58,"column":50}},{"start":{"line":58,"column":50},"end":{"line":58,"column":56}}]},"6":{"loc":{"start":{"line":58,"column":16},"end":{"line":58,"column":50}},"type":"binary-expr","locations":[{"start":{"line":58,"column":16},"end":{"line":58,"column":50}},{"start":{"line":58,"column":46},"end":{"line":58,"column":50}}]},"7":{"loc":{"start":{"line":59,"column":20},"end":{"line":59,"column":74}},"type":"cond-expr","locations":[{"start":{"line":59,"column":64},"end":{"line":59,"column":68}},{"start":{"line":59,"column":68},"end":{"line":59,"column":74}}]},"8":{"loc":{"start":{"line":59,"column":20},"end":{"line":59,"column":68}},"type":"binary-expr","locations":[{"start":{"line":59,"column":20},"end":{"line":59,"column":68}},{"start":{"line":59,"column":64},"end":{"line":59,"column":68}}]},"9":{"loc":{"start":{"line":59,"column":20},"end":{"line":59,"column":64}},"type":"cond-expr","locations":[{"start":{"line":59,"column":40},"end":{"line":59,"column":44}},{"start":{"line":59,"column":44},"end":{"line":59,"column":64}}]},"10":{"loc":{"start":{"line":59,"column":20},"end":{"line":59,"column":44}},"type":"binary-expr","locations":[{"start":{"line":59,"column":20},"end":{"line":59,"column":44}},{"start":{"line":59,"column":40},"end":{"line":59,"column":44}}]},"11":{"loc":{"start":{"line":60,"column":19},"end":{"line":60,"column":58}},"type":"cond-expr","locations":[{"start":{"line":60,"column":38},"end":{"line":60,"column":42}},{"start":{"line":60,"column":42},"end":{"line":60,"column":58}}]},"12":{"loc":{"start":{"line":60,"column":19},"end":{"line":60,"column":42}},"type":"binary-expr","locations":[{"start":{"line":60,"column":19},"end":{"line":60,"column":42}},{"start":{"line":60,"column":38},"end":{"line":60,"column":42}}]},"13":{"loc":{"start":{"line":61,"column":16},"end":{"line":61,"column":37}},"type":"cond-expr","locations":[{"start":{"line":61,"column":32},"end":{"line":61,"column":36}},{"start":{"line":61,"column":36},"end":{"line":61,"column":37}}]},"14":{"loc":{"start":{"line":61,"column":16},"end":{"line":61,"column":36}},"type":"binary-expr","locations":[{"start":{"line":61,"column":16},"end":{"line":61,"column":36}},{"start":{"line":61,"column":32},"end":{"line":61,"column":36}}]},"15":{"loc":{"start":{"line":65,"column":4},"end":{"line":67,"column":null}},"type":"if","locations":[{"start":{"line":65,"column":4},"end":{"line":67,"column":null}}]},"16":{"loc":{"start":{"line":73,"column":6},"end":{"line":75,"column":null}},"type":"if","locations":[{"start":{"line":73,"column":6},"end":{"line":75,"column":null}}]},"17":{"loc":{"start":{"line":89,"column":4},"end":{"line":89,"column":33}},"type":"if","locations":[{"start":{"line":89,"column":4},"end":{"line":89,"column":33}}]},"18":{"loc":{"start":{"line":93,"column":4},"end":{"line":95,"column":null}},"type":"if","locations":[{"start":{"line":93,"column":4},"end":{"line":95,"column":null}}]},"19":{"loc":{"start":{"line":93,"column":8},"end":{"line":93,"column":37}},"type":"binary-expr","locations":[{"start":{"line":93,"column":8},"end":{"line":93,"column":22}},{"start":{"line":93,"column":26},"end":{"line":93,"column":37}}]},"20":{"loc":{"start":{"line":97,"column":4},"end":{"line":99,"column":null}},"type":"if","locations":[{"start":{"line":97,"column":4},"end":{"line":99,"column":null}}]},"21":{"loc":{"start":{"line":101,"column":4},"end":{"line":103,"column":null}},"type":"if","locations":[{"start":{"line":101,"column":4},"end":{"line":103,"column":null}}]},"22":{"loc":{"start":{"line":105,"column":4},"end":{"line":107,"column":null}},"type":"if","locations":[{"start":{"line":105,"column":4},"end":{"line":107,"column":null}}]},"23":{"loc":{"start":{"line":109,"column":4},"end":{"line":111,"column":null}},"type":"if","locations":[{"start":{"line":109,"column":4},"end":{"line":111,"column":null}}]},"24":{"loc":{"start":{"line":113,"column":23},"end":{"line":113,"column":85}},"type":"cond-expr","locations":[{"start":{"line":113,"column":49},"end":{"line":113,"column":80}},{"start":{"line":113,"column":83},"end":{"line":113,"column":85}}]},"25":{"loc":{"start":{"line":117,"column":4},"end":{"line":119,"column":null}},"type":"if","locations":[{"start":{"line":117,"column":4},"end":{"line":119,"column":null}}]},"26":{"loc":{"start":{"line":121,"column":4},"end":{"line":123,"column":null}},"type":"if","locations":[{"start":{"line":121,"column":4},"end":{"line":123,"column":null}}]},"27":{"loc":{"start":{"line":125,"column":4},"end":{"line":127,"column":null}},"type":"if","locations":[{"start":{"line":125,"column":4},"end":{"line":127,"column":null}}]},"28":{"loc":{"start":{"line":133,"column":4},"end":{"line":133,"column":40}},"type":"if","locations":[{"start":{"line":133,"column":4},"end":{"line":133,"column":40}}]},"29":{"loc":{"start":{"line":154,"column":6},"end":{"line":154,"column":46}},"type":"if","locations":[{"start":{"line":154,"column":6},"end":{"line":154,"column":46}}]},"30":{"loc":{"start":{"line":157,"column":6},"end":{"line":164,"column":null}},"type":"if","locations":[{"start":{"line":157,"column":6},"end":{"line":164,"column":null}}]},"31":{"loc":{"start":{"line":175,"column":34},"end":{"line":175,"column":82}},"type":"binary-expr","locations":[{"start":{"line":175,"column":34},"end":{"line":175,"column":57}},{"start":{"line":175,"column":61},"end":{"line":175,"column":82}}]},"32":{"loc":{"start":{"line":184,"column":6},"end":{"line":188,"column":null}},"type":"if","locations":[{"start":{"line":184,"column":6},"end":{"line":188,"column":null}}]},"33":{"loc":{"start":{"line":195,"column":4},"end":{"line":195,"column":39}},"type":"if","locations":[{"start":{"line":195,"column":4},"end":{"line":195,"column":39}}]},"34":{"loc":{"start":{"line":204,"column":4},"end":{"line":221,"column":null}},"type":"if","locations":[{"start":{"line":204,"column":4},"end":{"line":221,"column":null}}]},"35":{"loc":{"start":{"line":207,"column":6},"end":{"line":220,"column":null}},"type":"switch","locations":[{"start":{"line":208,"column":8},"end":{"line":210,"column":16}},{"start":{"line":211,"column":8},"end":{"line":213,"column":16}},{"start":{"line":214,"column":8},"end":{"line":216,"column":16}},{"start":{"line":217,"column":8},"end":{"line":219,"column":16}}]},"36":{"loc":{"start":{"line":247,"column":17},"end":{"line":247,"column":57}},"type":"binary-expr","locations":[{"start":{"line":247,"column":17},"end":{"line":247,"column":44}},{"start":{"line":247,"column":48},"end":{"line":247,"column":57}}]},"37":{"loc":{"start":{"line":247,"column":17},"end":{"line":247,"column":44}},"type":"cond-expr","locations":[{"start":{"line":247,"column":28},"end":{"line":247,"column":31}},{"start":{"line":247,"column":28},"end":{"line":247,"column":44}}]},"38":{"loc":{"start":{"line":247,"column":17},"end":{"line":247,"column":31}},"type":"binary-expr","locations":[{"start":{"line":247,"column":17},"end":{"line":247,"column":31}},{"start":{"line":247,"column":28},"end":{"line":247,"column":31}}]},"39":{"loc":{"start":{"line":259,"column":17},"end":{"line":259,"column":57}},"type":"binary-expr","locations":[{"start":{"line":259,"column":17},"end":{"line":259,"column":44}},{"start":{"line":259,"column":48},"end":{"line":259,"column":57}}]},"40":{"loc":{"start":{"line":259,"column":17},"end":{"line":259,"column":44}},"type":"cond-expr","locations":[{"start":{"line":259,"column":28},"end":{"line":259,"column":31}},{"start":{"line":259,"column":28},"end":{"line":259,"column":44}}]},"41":{"loc":{"start":{"line":259,"column":17},"end":{"line":259,"column":31}},"type":"binary-expr","locations":[{"start":{"line":259,"column":17},"end":{"line":259,"column":31}},{"start":{"line":259,"column":28},"end":{"line":259,"column":31}}]},"42":{"loc":{"start":{"line":289,"column":6},"end":{"line":291,"column":null}},"type":"binary-expr","locations":[{"start":{"line":289,"column":6},"end":{"line":289,"column":48}},{"start":{"line":290,"column":6},"end":{"line":290,"column":42}},{"start":{"line":291,"column":6},"end":{"line":291,"column":31}}]},"43":{"loc":{"start":{"line":289,"column":6},"end":{"line":289,"column":48}},"type":"cond-expr","locations":[{"start":{"line":289,"column":17},"end":{"line":289,"column":20}},{"start":{"line":289,"column":17},"end":{"line":289,"column":48}}]},"44":{"loc":{"start":{"line":289,"column":6},"end":{"line":289,"column":20}},"type":"binary-expr","locations":[{"start":{"line":289,"column":6},"end":{"line":289,"column":20}},{"start":{"line":289,"column":17},"end":{"line":289,"column":20}}]},"45":{"loc":{"start":{"line":290,"column":6},"end":{"line":290,"column":42}},"type":"cond-expr","locations":[{"start":{"line":290,"column":17},"end":{"line":290,"column":20}},{"start":{"line":290,"column":17},"end":{"line":290,"column":42}}]},"46":{"loc":{"start":{"line":290,"column":6},"end":{"line":290,"column":20}},"type":"binary-expr","locations":[{"start":{"line":290,"column":6},"end":{"line":290,"column":20}},{"start":{"line":290,"column":17},"end":{"line":290,"column":20}}]},"47":{"loc":{"start":{"line":291,"column":6},"end":{"line":291,"column":31}},"type":"cond-expr","locations":[{"start":{"line":291,"column":16},"end":{"line":291,"column":18}},{"start":{"line":291,"column":16},"end":{"line":291,"column":31}}]},"48":{"loc":{"start":{"line":291,"column":6},"end":{"line":291,"column":18}},"type":"binary-expr","locations":[{"start":{"line":291,"column":6},"end":{"line":291,"column":18}},{"start":{"line":291,"column":16},"end":{"line":291,"column":18}}]},"49":{"loc":{"start":{"line":300,"column":13},"end":{"line":300,"column":57}},"type":"binary-expr","locations":[{"start":{"line":300,"column":13},"end":{"line":300,"column":47}},{"start":{"line":300,"column":51},"end":{"line":300,"column":57}}]},"50":{"loc":{"start":{"line":301,"column":16},"end":{"line":301,"column":46}},"type":"binary-expr","locations":[{"start":{"line":301,"column":16},"end":{"line":301,"column":36}},{"start":{"line":301,"column":40},"end":{"line":301,"column":46}}]}},"s":{"0":1,"1":1,"2":1,"3":0,"4":0,"5":0,"6":0,"7":0,"8":0,"9":16,"10":0,"11":0,"12":0,"13":0,"14":0,"15":0,"16":0,"17":0,"18":0,"19":0,"20":0,"21":0,"22":0,"23":0,"24":0,"25":0,"26":0,"27":0,"28":0,"29":0,"30":0,"31":0,"32":0,"33":0,"34":16,"35":16,"36":0,"37":0,"38":0,"39":0,"40":0,"41":0,"42":0,"43":0,"44":0,"45":0,"46":0,"47":0,"48":0,"49":0,"50":0,"51":0,"52":0,"53":0,"54":0,"55":0,"56":0,"57":0,"58":0,"59":0,"60":0,"61":0,"62":0,"63":0,"64":0,"65":0,"66":0,"67":16,"68":0,"69":16,"70":16,"71":0,"72":0,"73":0,"74":0,"75":0,"76":0,"77":0,"78":0,"79":0,"80":0,"81":16,"82":0,"83":0,"84":16,"85":0,"86":0,"87":0,"88":0,"89":0,"90":0,"91":1,"92":1},"f":{"0":1,"1":0,"2":16,"3":0,"4":16,"5":0,"6":0,"7":0,"8":0,"9":0,"10":0,"11":16,"12":0,"13":0,"14":16,"15":0,"16":0,"17":0,"18":0,"19":0,"20":0},"b":{"0":[0],"1":[1,0],"2":[1,1],"3":[1,0],"4":[1,1],"5":[1,0],"6":[1,1],"7":[1,0],"8":[1,1],"9":[1,0],"10":[1,1],"11":[0,1],"12":[1,1],"13":[0,1],"14":[1,1],"15":[0],"16":[0],"17":[0],"18":[0],"19":[0,0],"20":[0],"21":[0],"22":[0],"23":[0],"24":[0,0],"25":[0],"26":[0],"27":[0],"28":[16],"29":[0],"30":[0],"31":[0,0],"32":[0],"33":[0],"34":[0],"35":[0,0,0,0],"36":[0,0],"37":[0,0],"38":[0,0],"39":[0,0],"40":[0,0],"41":[0,0],"42":[0,0,0],"43":[0,0],"44":[0,0],"45":[0,0],"46":[0,0],"47":[0,0],"48":[0,0],"49":[1,1],"50":[1,1]}}
,"/Users/billy3321/git/cic/ivod_transcript_db/app/lib/prisma.ts": {"path":"/Users/billy3321/git/cic/ivod_transcript_db/app/lib/prisma.ts","statementMap":{"0":{"start":{"line":1,"column":0},"end":{"line":1,"column":28}},"1":{"start":{"line":2,"column":0},"end":{"line":2,"column":31}},"2":{"start":{"line":3,"column":0},"end":{"line":3,"column":75}},"3":{"start":{"line":5,"column":0},"end":{"line":5,"column":16}},"4":{"start":{"line":8,"column":17},"end":{"line":8,"column":36}},"5":{"start":{"line":9,"column":14},"end":{"line":9,"column":38}},"6":{"start":{"line":12,"column":0},"end":{"line":19,"column":null}},"7":{"start":{"line":14,"column":23},"end":{"line":14,"column":64}},"8":{"start":{"line":15,"column":2},"end":{"line":15,"column":68}},"9":{"start":{"line":18,"column":2},"end":{"line":18,"column":42}},"10":{"start":{"line":21,"column":0},"end":{"line":21,"column":46}},"11":{"start":{"line":24,"column":0},"end":{"line":27,"column":null}},"12":{"start":{"line":25,"column":2},"end":{"line":25,"column":53}},"13":{"start":{"line":26,"column":2},"end":{"line":26,"column":62}},"14":{"start":{"line":29,"column":15},"end":{"line":29,"column":33}},"15":{"start":{"line":30,"column":0},"end":{"line":30,"column":22}}},"fnMap":{},"branchMap":{"0":{"loc":{"start":{"line":12,"column":0},"end":{"line":19,"column":null}},"type":"if","locations":[{"start":{"line":12,"column":0},"end":{"line":19,"column":null}},{"start":{"line":16,"column":7},"end":{"line":19,"column":null}}]},"1":{"loc":{"start":{"line":12,"column":4},"end":{"line":12,"column":41}},"type":"cond-expr","locations":[{"start":{"line":12,"column":26},"end":{"line":12,"column":28}},{"start":{"line":12,"column":26},"end":{"line":12,"column":41}}]},"2":{"loc":{"start":{"line":12,"column":4},"end":{"line":12,"column":28}},"type":"binary-expr","locations":[{"start":{"line":12,"column":4},"end":{"line":12,"column":28}},{"start":{"line":12,"column":26},"end":{"line":12,"column":28}}]},"3":{"loc":{"start":{"line":24,"column":0},"end":{"line":27,"column":null}},"type":"if","locations":[{"start":{"line":24,"column":0},"end":{"line":27,"column":null}}]}},"s":{"0":1,"1":1,"2":1,"3":1,"4":1,"5":1,"6":1,"7":0,"8":0,"9":1,"10":1,"11":1,"12":1,"13":1,"14":1,"15":1},"f":{},"b":{"0":[0,1],"1":[0,1],"2":[1,1],"3":[1]}}
,"/Users/billy3321/git/cic/ivod_transcript_db/app/lib/searchHighlight.ts": {"path":"/Users/billy3321/git/cic/ivod_transcript_db/app/lib/searchHighlight.ts","statementMap":{"0":{"start":{"line":26,"column":39},"end":{"line":31,"column":4}},"1":{"start":{"line":33,"column":2},"end":{"line":35,"column":null}},"2":{"start":{"line":34,"column":4},"end":{"line":34,"column":25}},"3":{"start":{"line":38,"column":21},"end":{"line":38,"column":50}},"4":{"start":{"line":39,"column":2},"end":{"line":41,"column":null}},"5":{"start":{"line":40,"column":4},"end":{"line":40,"column":25}},"6":{"start":{"line":44,"column":22},"end":{"line":44,"column":54}},"7":{"start":{"line":45,"column":2},"end":{"line":47,"column":null}},"8":{"start":{"line":46,"column":4},"end":{"line":46,"column":25}},"9":{"start":{"line":50,"column":18},"end":{"line":50,"column":95}},"10":{"start":{"line":53,"column":26},"end":{"line":53,"column":68}},"11":{"start":{"line":55,"column":2},"end":{"line":60,"column":4}},"12":{"start":{"line":20,"column":0},"end":{"line":20,"column":16}},"13":{"start":{"line":70,"column":16},"end":{"line":83,"column":11}},"14":{"start":{"line":86,"column":2},"end":{"line":91,"column":null}},"15":{"start":{"line":87,"column":24},"end":{"line":87,"column":58}},"16":{"start":{"line":88,"column":4},"end":{"line":90,"column":null}},"17":{"start":{"line":89,"column":6},"end":{"line":89,"column":31}},"18":{"start":{"line":93,"column":2},"end":{"line":93,"column":17}},"19":{"start":{"line":104,"column":21},"end":{"line":104,"column":68}},"20":{"start":{"line":105,"column":2},"end":{"line":111,"column":null}},"21":{"start":{"line":106,"column":4},"end":{"line":110,"column":6}},"22":{"start":{"line":114,"column":16},"end":{"line":114,"column":66}},"23":{"start":{"line":114,"column":50},"end":{"line":114,"column":65}},"24":{"start":{"line":115,"column":2},"end":{"line":124,"column":null}},"25":{"start":{"line":116,"column":22},"end":{"line":116,"column":68}},"26":{"start":{"line":117,"column":4},"end":{"line":123,"column":null}},"27":{"start":{"line":118,"column":6},"end":{"line":122,"column":8}},"28":{"start":{"line":126,"column":2},"end":{"line":126,"column":51}},"29":{"start":{"line":143,"column":16},"end":{"line":143,"column":58}},"30":{"start":{"line":144,"column":14},"end":{"line":144,"column":80}},"31":{"start":{"line":146,"column":16},"end":{"line":146,"column":42}},"32":{"start":{"line":147,"column":27},"end":{"line":147,"column":48}},"33":{"start":{"line":150,"column":2},"end":{"line":152,"column":null}},"34":{"start":{"line":151,"column":4},"end":{"line":151,"column":30}},"35":{"start":{"line":155,"column":2},"end":{"line":157,"column":null}},"36":{"start":{"line":156,"column":4},"end":{"line":156,"column":30}},"37":{"start":{"line":159,"column":2},"end":{"line":162,"column":4}},"38":{"start":{"line":172,"column":2},"end":{"line":172,"column":38}},"39":{"start":{"line":172,"column":14},"end":{"line":172,"column":38}},"40":{"start":{"line":175,"column":20},"end":{"line":175,"column":36}},"41":{"start":{"line":178,"column":27},"end":{"line":178,"column":53}},"42":{"start":{"line":181,"column":2},"end":{"line":186,"column":null}},"43":{"start":{"line":182,"column":4},"end":{"line":185,"column":null}},"44":{"start":{"line":183,"column":20},"end":{"line":183,"column":63}},"45":{"start":{"line":184,"column":6},"end":{"line":184,"column":111}},"46":{"start":{"line":188,"column":2},"end":{"line":188,"column":21}},"47":{"start":{"line":198,"column":16},"end":{"line":198,"column":23}},"48":{"start":{"line":201,"column":26},"end":{"line":201,"column":76}},"49":{"start":{"line":201,"column":60},"end":{"line":201,"column":75}},"50":{"start":{"line":202,"column":2},"end":{"line":202,"column":33}},"51":{"start":{"line":205,"column":22},"end":{"line":205,"column":48}},"52":{"start":{"line":206,"column":2},"end":{"line":206,"column":57}},"53":{"start":{"line":206,"column":36},"end":{"line":206,"column":55}},"54":{"start":{"line":215,"column":2},"end":{"line":220,"column":28}},"55":{"start":{"line":229,"column":2},"end":{"line":229,"column":55}},"56":{"start":{"line":238,"column":2},"end":{"line":238,"column":44}},"57":{"start":{"line":238,"column":31},"end":{"line":238,"column":44}},"58":{"start":{"line":241,"column":24},"end":{"line":241,"column":72}},"59":{"start":{"line":242,"column":25},"end":{"line":243,"column":null}},"60":{"start":{"line":243,"column":4},"end":{"line":243,"column":40}},"61":{"start":{"line":247,"column":2},"end":{"line":249,"column":null}},"62":{"start":{"line":248,"column":4},"end":{"line":248,"column":17}},"63":{"start":{"line":252,"column":2},"end":{"line":252,"column":14}},"64":{"start":{"line":237,"column":0},"end":{"line":237,"column":16}}},"fnMap":{"0":{"name":"extractSearchExcerpt","decl":{"start":{"line":20,"column":16},"end":{"line":20,"column":36}},"loc":{"start":{"line":23,"column":28},"end":{"line":61,"column":1}}},"1":{"name":"cleanSearchQuery","decl":{"start":{"line":68,"column":9},"end":{"line":68,"column":25}},"loc":{"start":{"line":68,"column":39},"end":{"line":94,"column":1}}},"2":{"name":"findFirstMatch","decl":{"start":{"line":102,"column":9},"end":{"line":102,"column":23}},"loc":{"start":{"line":102,"column":51},"end":{"line":127,"column":1}}},"3":{"name":"(anonymous_3)","decl":{"start":{"line":114,"column":42},"end":{"line":114,"column":46}},"loc":{"start":{"line":114,"column":50},"end":{"line":114,"column":65}}},"4":{"name":"extractContext","decl":{"start":{"line":137,"column":9},"end":{"line":137,"column":23}},"loc":{"start":{"line":141,"column":23},"end":{"line":163,"column":1}}},"5":{"name":"highlightMatches","decl":{"start":{"line":171,"column":9},"end":{"line":171,"column":25}},"loc":{"start":{"line":171,"column":53},"end":{"line":189,"column":1}}},"6":{"name":"getWordsToHighlight","decl":{"start":{"line":196,"column":9},"end":{"line":196,"column":28}},"loc":{"start":{"line":196,"column":42},"end":{"line":207,"column":1}}},"7":{"name":"(anonymous_7)","decl":{"start":{"line":201,"column":52},"end":{"line":201,"column":56}},"loc":{"start":{"line":201,"column":60},"end":{"line":201,"column":75}}},"8":{"name":"(anonymous_8)","decl":{"start":{"line":206,"column":26},"end":{"line":206,"column":27}},"loc":{"start":{"line":206,"column":36},"end":{"line":206,"column":55}}},"9":{"name":"escapeHtml","decl":{"start":{"line":214,"column":9},"end":{"line":214,"column":19}},"loc":{"start":{"line":214,"column":32},"end":{"line":221,"column":1}}},"10":{"name":"escapeRegExp","decl":{"start":{"line":228,"column":9},"end":{"line":228,"column":21}},"loc":{"start":{"line":228,"column":36},"end":{"line":230,"column":1}}},"11":{"name":"isTranscriptSearch","decl":{"start":{"line":237,"column":16},"end":{"line":237,"column":34}},"loc":{"start":{"line":237,"column":48},"end":{"line":253,"column":1}}},"12":{"name":"(anonymous_12)","decl":{"start":{"line":242,"column":44},"end":{"line":242,"column":50}},"loc":{"start":{"line":243,"column":4},"end":{"line":243,"column":40}}}},"branchMap":{"0":{"loc":{"start":{"line":23,"column":2},"end":{"line":23,"column":28}},"type":"default-arg","locations":[{"start":{"line":23,"column":26},"end":{"line":23,"column":28}}]},"1":{"loc":{"start":{"line":33,"column":2},"end":{"line":35,"column":null}},"type":"if","locations":[{"start":{"line":33,"column":2},"end":{"line":35,"column":null}}]},"2":{"loc":{"start":{"line":33,"column":6},"end":{"line":33,"column":50}},"type":"binary-expr","locations":[{"start":{"line":33,"column":6},"end":{"line":33,"column":11}},{"start":{"line":33,"column":15},"end":{"line":33,"column":27}},{"start":{"line":33,"column":31},"end":{"line":33,"column":50}}]},"3":{"loc":{"start":{"line":39,"column":2},"end":{"line":41,"column":null}},"type":"if","locations":[{"start":{"line":39,"column":2},"end":{"line":41,"column":null}}]},"4":{"loc":{"start":{"line":45,"column":2},"end":{"line":47,"column":null}},"type":"if","locations":[{"start":{"line":45,"column":2},"end":{"line":47,"column":null}}]},"5":{"loc":{"start":{"line":86,"column":2},"end":{"line":91,"column":null}},"type":"if","locations":[{"start":{"line":86,"column":2},"end":{"line":91,"column":null}}]},"6":{"loc":{"start":{"line":88,"column":4},"end":{"line":90,"column":null}},"type":"if","locations":[{"start":{"line":88,"column":4},"end":{"line":90,"column":null}}]},"7":{"loc":{"start":{"line":105,"column":2},"end":{"line":111,"column":null}},"type":"if","locations":[{"start":{"line":105,"column":2},"end":{"line":111,"column":null}}]},"8":{"loc":{"start":{"line":117,"column":4},"end":{"line":123,"column":null}},"type":"if","locations":[{"start":{"line":117,"column":4},"end":{"line":123,"column":null}}]},"9":{"loc":{"start":{"line":150,"column":2},"end":{"line":152,"column":null}},"type":"if","locations":[{"start":{"line":150,"column":2},"end":{"line":152,"column":null}}]},"10":{"loc":{"start":{"line":155,"column":2},"end":{"line":157,"column":null}},"type":"if","locations":[{"start":{"line":155,"column":2},"end":{"line":157,"column":null}}]},"11":{"loc":{"start":{"line":161,"column":22},"end":{"line":161,"column":73}},"type":"cond-expr","locations":[{"start":{"line":161,"column":34},"end":{"line":161,"column":54}},{"start":{"line":161,"column":57},"end":{"line":161,"column":73}}]},"12":{"loc":{"start":{"line":172,"column":2},"end":{"line":172,"column":38}},"type":"if","locations":[{"start":{"line":172,"column":2},"end":{"line":172,"column":38}}]},"13":{"loc":{"start":{"line":182,"column":4},"end":{"line":185,"column":null}},"type":"if","locations":[{"start":{"line":182,"column":4},"end":{"line":185,"column":null}}]},"14":{"loc":{"start":{"line":238,"column":2},"end":{"line":238,"column":44}},"type":"if","locations":[{"start":{"line":238,"column":2},"end":{"line":238,"column":44}}]},"15":{"loc":{"start":{"line":238,"column":6},"end":{"line":238,"column":29}},"type":"binary-expr","locations":[{"start":{"line":238,"column":6},"end":{"line":238,"column":12}},{"start":{"line":238,"column":16},"end":{"line":238,"column":29}}]},"16":{"loc":{"start":{"line":247,"column":2},"end":{"line":249,"column":null}},"type":"if","locations":[{"start":{"line":247,"column":2},"end":{"line":249,"column":null}}]}},"s":{"0":0,"1":0,"2":0,"3":0,"4":0,"5":0,"6":0,"7":0,"8":0,"9":0,"10":0,"11":0,"12":1,"13":0,"14":0,"15":0,"16":0,"17":0,"18":0,"19":0,"20":0,"21":0,"22":0,"23":0,"24":0,"25":0,"26":0,"27":0,"28":0,"29":0,"30":0,"31":0,"32":0,"33":0,"34":0,"35":0,"36":0,"37":0,"38":0,"39":0,"40":0,"41":0,"42":0,"43":0,"44":0,"45":0,"46":0,"47":0,"48":0,"49":0,"50":0,"51":0,"52":0,"53":0,"54":0,"55":0,"56":0,"57":0,"58":0,"59":0,"60":0,"61":0,"62":0,"63":0,"64":1},"f":{"0":0,"1":0,"2":0,"3":0,"4":0,"5":0,"6":0,"7":0,"8":0,"9":0,"10":0,"11":0,"12":0},"b":{"0":[0],"1":[0],"2":[0,0,0],"3":[0],"4":[0],"5":[0],"6":[0],"7":[0],"8":[0],"9":[0],"10":[0],"11":[0,0],"12":[0],"13":[0],"14":[0],"15":[0,0],"16":[0]}}
,"/Users/billy3321/git/cic/ivod_transcript_db/app/lib/utils.ts": {"path":"/Users/billy3321/git/cic/ivod_transcript_db/app/lib/utils.ts","statementMap":{"0":{"start":{"line":9,"column":2},"end":{"line":9,"column":36}},"1":{"start":{"line":9,"column":23},"end":{"line":9,"column":36}},"2":{"start":{"line":11,"column":2},"end":{"line":18,"column":null}},"3":{"start":{"line":12,"column":4},"end":{"line":17,"column":null}},"4":{"start":{"line":13,"column":21},"end":{"line":13,"column":47}},"5":{"start":{"line":14,"column":6},"end":{"line":14,"column":72}},"6":{"start":{"line":16,"column":6},"end":{"line":16,"column":28}},"7":{"start":{"line":20,"column":2},"end":{"line":20,"column":92}},"8":{"start":{"line":8,"column":0},"end":{"line":8,"column":16}},"9":{"start":{"line":27,"column":23},"end":{"line":27,"column":54}},"10":{"start":{"line":29,"column":2},"end":{"line":31,"column":null}},"11":{"start":{"line":30,"column":4},"end":{"line":30,"column":24}},"12":{"start":{"line":33,"column":2},"end":{"line":35,"column":null}},"13":{"start":{"line":34,"column":4},"end":{"line":34,"column":46}},"14":{"start":{"line":37,"column":2},"end":{"line":37,"column":47}},"15":{"start":{"line":26,"column":0},"end":{"line":26,"column":16}},"16":{"start":{"line":44,"column":2},"end":{"line":44,"column":26}},"17":{"start":{"line":44,"column":16},"end":{"line":44,"column":26}},"18":{"start":{"line":47,"column":2},"end":{"line":49,"column":null}},"19":{"start":{"line":48,"column":4},"end":{"line":48,"column":19}},"20":{"start":{"line":52,"column":2},"end":{"line":65,"column":null}},"21":{"start":{"line":53,"column":17},"end":{"line":53,"column":34}},"22":{"start":{"line":54,"column":4},"end":{"line":56,"column":null}},"23":{"start":{"line":55,"column":6},"end":{"line":55,"column":21}},"24":{"start":{"line":57,"column":4},"end":{"line":62,"column":7}},"25":{"start":{"line":64,"column":4},"end":{"line":64,"column":19}},"26":{"start":{"line":43,"column":0},"end":{"line":43,"column":16}},"27":{"start":{"line":72,"column":2},"end":{"line":72,"column":28}},"28":{"start":{"line":72,"column":18},"end":{"line":72,"column":28}},"29":{"start":{"line":74,"column":45},"end":{"line":80,"column":4}},"30":{"start":{"line":82,"column":2},"end":{"line":82,"column":55}},"31":{"start":{"line":71,"column":0},"end":{"line":71,"column":16}},"32":{"start":{"line":89,"column":18},"end":{"line":89,"column":67}},"33":{"start":{"line":90,"column":2},"end":{"line":92,"column":null}},"34":{"start":{"line":91,"column":4},"end":{"line":91,"column":56}},"35":{"start":{"line":93,"column":2},"end":{"line":93,"column":18}},"36":{"start":{"line":88,"column":0},"end":{"line":88,"column":16}},"37":{"start":{"line":101,"column":2},"end":{"line":101,"column":30}},"38":{"start":{"line":101,"column":18},"end":{"line":101,"column":30}},"39":{"start":{"line":103,"column":2},"end":{"line":105,"column":null}},"40":{"start":{"line":104,"column":4},"end":{"line":104,"column":35}},"41":{"start":{"line":107,"column":2},"end":{"line":118,"column":null}},"42":{"start":{"line":109,"column":4},"end":{"line":117,"column":null}},"43":{"start":{"line":110,"column":19},"end":{"line":110,"column":38}},"44":{"start":{"line":111,"column":6},"end":{"line":113,"column":null}},"45":{"start":{"line":112,"column":8},"end":{"line":112,"column":25}},"46":{"start":{"line":114,"column":6},"end":{"line":114,"column":32}},"47":{"start":{"line":116,"column":6},"end":{"line":116,"column":23}},"48":{"start":{"line":120,"column":2},"end":{"line":120,"column":14}},"49":{"start":{"line":100,"column":0},"end":{"line":100,"column":16}},"50":{"start":{"line":128,"column":2},"end":{"line":128,"column":28}},"51":{"start":{"line":128,"column":18},"end":{"line":128,"column":28}},"52":{"start":{"line":130,"column":2},"end":{"line":149,"column":null}},"53":{"start":{"line":131,"column":17},"end":{"line":131,"column":76}},"54":{"start":{"line":132,"column":4},"end":{"line":134,"column":null}},"55":{"start":{"line":133,"column":6},"end":{"line":133,"column":34}},"56":{"start":{"line":137,"column":4},"end":{"line":146,"column":7}},"57":{"start":{"line":148,"column":4},"end":{"line":148,"column":39}},"58":{"start":{"line":127,"column":0},"end":{"line":127,"column":16}},"59":{"start":{"line":158,"column":2},"end":{"line":170,"column":null}},"60":{"start":{"line":159,"column":4},"end":{"line":169,"column":null}},"61":{"start":{"line":161,"column":6},"end":{"line":161,"column":41}},"62":{"start":{"line":162,"column":11},"end":{"line":169,"column":null}},"63":{"start":{"line":165,"column":6},"end":{"line":165,"column":53}},"64":{"start":{"line":168,"column":6},"end":{"line":168,"column":46}},"65":{"start":{"line":173,"column":2},"end":{"line":175,"column":null}},"66":{"start":{"line":174,"column":4},"end":{"line":174,"column":44}},"67":{"start":{"line":178,"column":33},"end":{"line":178,"column":55}},"68":{"start":{"line":179,"column":2},"end":{"line":181,"column":39}},"69":{"start":{"line":156,"column":0},"end":{"line":156,"column":16}},"70":{"start":{"line":188,"column":2},"end":{"line":188,"column":31}},"71":{"start":{"line":188,"column":19},"end":{"line":188,"column":31}},"72":{"start":{"line":190,"column":2},"end":{"line":198,"column":null}},"73":{"start":{"line":191,"column":17},"end":{"line":191,"column":37}},"74":{"start":{"line":192,"column":4},"end":{"line":194,"column":null}},"75":{"start":{"line":193,"column":6},"end":{"line":193,"column":18}},"76":{"start":{"line":195,"column":4},"end":{"line":195,"column":16}},"77":{"start":{"line":197,"column":4},"end":{"line":197,"column":16}},"78":{"start":{"line":187,"column":0},"end":{"line":187,"column":16}}},"fnMap":{"0":{"name":"formatCommitteeNames","decl":{"start":{"line":8,"column":16},"end":{"line":8,"column":36}},"loc":{"start":{"line":8,"column":89},"end":{"line":21,"column":1}}},"1":{"name":"formatIVODTitle","decl":{"start":{"line":26,"column":16},"end":{"line":26,"column":31}},"loc":{"start":{"line":26,"column":110},"end":{"line":38,"column":1}}},"2":{"name":"formatVideoTime","decl":{"start":{"line":43,"column":16},"end":{"line":43,"column":31}},"loc":{"start":{"line":43,"column":54},"end":{"line":66,"column":1}}},"3":{"name":"formatVideoType","decl":{"start":{"line":71,"column":16},"end":{"line":71,"column":31}},"loc":{"start":{"line":71,"column":56},"end":{"line":83,"column":1}}},"4":{"name":"getDbBackend","decl":{"start":{"line":88,"column":16},"end":{"line":88,"column":28}},"loc":{"start":{"line":88,"column":28},"end":{"line":94,"column":1}}},"5":{"name":"normalizeTimestamp","decl":{"start":{"line":100,"column":16},"end":{"line":100,"column":34}},"loc":{"start":{"line":100,"column":66},"end":{"line":121,"column":1}}},"6":{"name":"formatTimestamp","decl":{"start":{"line":127,"column":16},"end":{"line":127,"column":31}},"loc":{"start":{"line":127,"column":63},"end":{"line":150,"column":1}}},"7":{"name":"createContainsCondition","decl":{"start":{"line":156,"column":16},"end":{"line":156,"column":39}},"loc":{"start":{"line":156,"column":125},"end":{"line":182,"column":1}}},"8":{"name":"convertToDate","decl":{"start":{"line":187,"column":16},"end":{"line":187,"column":29}},"loc":{"start":{"line":187,"column":48},"end":{"line":199,"column":1}}}},"branchMap":{"0":{"loc":{"start":{"line":9,"column":2},"end":{"line":9,"column":36}},"type":"if","locations":[{"start":{"line":9,"column":2},"end":{"line":9,"column":36}}]},"1":{"loc":{"start":{"line":11,"column":2},"end":{"line":18,"column":null}},"type":"if","locations":[{"start":{"line":11,"column":2},"end":{"line":18,"column":null}}]},"2":{"loc":{"start":{"line":14,"column":13},"end":{"line":14,"column":71}},"type":"cond-expr","locations":[{"start":{"line":14,"column":37},"end":{"line":14,"column":54}},{"start":{"line":14,"column":57},"end":{"line":14,"column":71}}]},"3":{"loc":{"start":{"line":20,"column":9},"end":{"line":20,"column":91}},"type":"cond-expr","locations":[{"start":{"line":20,"column":41},"end":{"line":20,"column":66}},{"start":{"line":20,"column":69},"end":{"line":20,"column":91}}]},"4":{"loc":{"start":{"line":27,"column":23},"end":{"line":27,"column":54}},"type":"binary-expr","locations":[{"start":{"line":27,"column":23},"end":{"line":27,"column":28}},{"start":{"line":27,"column":32},"end":{"line":27,"column":44}},{"start":{"line":27,"column":48},"end":{"line":27,"column":54}}]},"5":{"loc":{"start":{"line":29,"column":2},"end":{"line":31,"column":null}},"type":"if","locations":[{"start":{"line":29,"column":2},"end":{"line":31,"column":null}}]},"6":{"loc":{"start":{"line":33,"column":2},"end":{"line":35,"column":null}},"type":"if","locations":[{"start":{"line":33,"column":2},"end":{"line":35,"column":null}}]},"7":{"loc":{"start":{"line":44,"column":2},"end":{"line":44,"column":26}},"type":"if","locations":[{"start":{"line":44,"column":2},"end":{"line":44,"column":26}}]},"8":{"loc":{"start":{"line":47,"column":2},"end":{"line":49,"column":null}},"type":"if","locations":[{"start":{"line":47,"column":2},"end":{"line":49,"column":null}}]},"9":{"loc":{"start":{"line":54,"column":4},"end":{"line":56,"column":null}},"type":"if","locations":[{"start":{"line":54,"column":4},"end":{"line":56,"column":null}}]},"10":{"loc":{"start":{"line":72,"column":2},"end":{"line":72,"column":28}},"type":"if","locations":[{"start":{"line":72,"column":2},"end":{"line":72,"column":28}}]},"11":{"loc":{"start":{"line":82,"column":9},"end":{"line":82,"column":54}},"type":"binary-expr","locations":[{"start":{"line":82,"column":9},"end":{"line":82,"column":41}},{"start":{"line":82,"column":45},"end":{"line":82,"column":54}}]},"12":{"loc":{"start":{"line":89,"column":18},"end":{"line":89,"column":67}},"type":"binary-expr","locations":[{"start":{"line":89,"column":18},"end":{"line":89,"column":55}},{"start":{"line":89,"column":59},"end":{"line":89,"column":67}}]},"13":{"loc":{"start":{"line":89,"column":18},"end":{"line":89,"column":55}},"type":"cond-expr","locations":[{"start":{"line":89,"column":40},"end":{"line":89,"column":42}},{"start":{"line":89,"column":40},"end":{"line":89,"column":55}}]},"14":{"loc":{"start":{"line":89,"column":18},"end":{"line":89,"column":42}},"type":"binary-expr","locations":[{"start":{"line":89,"column":18},"end":{"line":89,"column":42}},{"start":{"line":89,"column":40},"end":{"line":89,"column":42}}]},"15":{"loc":{"start":{"line":90,"column":2},"end":{"line":92,"column":null}},"type":"if","locations":[{"start":{"line":90,"column":2},"end":{"line":92,"column":null}}]},"16":{"loc":{"start":{"line":101,"column":2},"end":{"line":101,"column":30}},"type":"if","locations":[{"start":{"line":101,"column":2},"end":{"line":101,"column":30}}]},"17":{"loc":{"start":{"line":103,"column":2},"end":{"line":105,"column":null}},"type":"if","locations":[{"start":{"line":103,"column":2},"end":{"line":105,"column":null}}]},"18":{"loc":{"start":{"line":107,"column":2},"end":{"line":118,"column":null}},"type":"if","locations":[{"start":{"line":107,"column":2},"end":{"line":118,"column":null}}]},"19":{"loc":{"start":{"line":111,"column":6},"end":{"line":113,"column":null}},"type":"if","locations":[{"start":{"line":111,"column":6},"end":{"line":113,"column":null}}]},"20":{"loc":{"start":{"line":128,"column":2},"end":{"line":128,"column":28}},"type":"if","locations":[{"start":{"line":128,"column":2},"end":{"line":128,"column":28}}]},"21":{"loc":{"start":{"line":131,"column":17},"end":{"line":131,"column":76}},"type":"cond-expr","locations":[{"start":{"line":131,"column":45},"end":{"line":131,"column":54}},{"start":{"line":131,"column":57},"end":{"line":131,"column":76}}]},"22":{"loc":{"start":{"line":132,"column":4},"end":{"line":134,"column":null}},"type":"if","locations":[{"start":{"line":132,"column":4},"end":{"line":134,"column":null}}]},"23":{"loc":{"start":{"line":148,"column":11},"end":{"line":148,"column":38}},"type":"binary-expr","locations":[{"start":{"line":148,"column":11},"end":{"line":148,"column":32}},{"start":{"line":148,"column":36},"end":{"line":148,"column":38}}]},"24":{"loc":{"start":{"line":148,"column":11},"end":{"line":148,"column":32}},"type":"cond-expr","locations":[{"start":{"line":148,"column":20},"end":{"line":148,"column":22}},{"start":{"line":148,"column":11},"end":{"line":148,"column":32}}]},"25":{"loc":{"start":{"line":148,"column":11},"end":{"line":148,"column":22}},"type":"binary-expr","locations":[{"start":{"line":148,"column":11},"end":{"line":148,"column":22}},{"start":{"line":148,"column":11},"end":{"line":148,"column":22}}]},"26":{"loc":{"start":{"line":156,"column":70},"end":{"line":156,"column":125}},"type":"default-arg","locations":[{"start":{"line":156,"column":117},"end":{"line":156,"column":125}}]},"27":{"loc":{"start":{"line":158,"column":2},"end":{"line":170,"column":null}},"type":"if","locations":[{"start":{"line":158,"column":2},"end":{"line":170,"column":null}}]},"28":{"loc":{"start":{"line":159,"column":4},"end":{"line":169,"column":null}},"type":"if","locations":[{"start":{"line":159,"column":4},"end":{"line":169,"column":null}},{"start":{"line":162,"column":11},"end":{"line":169,"column":null}}]},"29":{"loc":{"start":{"line":162,"column":11},"end":{"line":169,"column":null}},"type":"if","locations":[{"start":{"line":162,"column":11},"end":{"line":169,"column":null}},{"start":{"line":166,"column":11},"end":{"line":169,"column":null}}]},"30":{"loc":{"start":{"line":173,"column":2},"end":{"line":175,"column":null}},"type":"if","locations":[{"start":{"line":173,"column":2},"end":{"line":175,"column":null}}]},"31":{"loc":{"start":{"line":179,"column":9},"end":{"line":181,"column":38}},"type":"cond-expr","locations":[{"start":{"line":180,"column":6},"end":{"line":180,"column":68}},{"start":{"line":181,"column":6},"end":{"line":181,"column":38}}]},"32":{"loc":{"start":{"line":188,"column":2},"end":{"line":188,"column":31}},"type":"if","locations":[{"start":{"line":188,"column":2},"end":{"line":188,"column":31}}]},"33":{"loc":{"start":{"line":192,"column":4},"end":{"line":194,"column":null}},"type":"if","locations":[{"start":{"line":192,"column":4},"end":{"line":194,"column":null}}]}},"s":{"0":0,"1":0,"2":0,"3":0,"4":0,"5":0,"6":0,"7":0,"8":1,"9":0,"10":0,"11":0,"12":0,"13":0,"14":0,"15":1,"16":0,"17":0,"18":0,"19":0,"20":0,"21":0,"22":0,"23":0,"24":0,"25":0,"26":1,"27":0,"28":0,"29":0,"30":0,"31":1,"32":3,"33":3,"34":3,"35":0,"36":1,"37":0,"38":0,"39":0,"40":0,"41":0,"42":0,"43":0,"44":0,"45":0,"46":0,"47":0,"48":0,"49":1,"50":0,"51":0,"52":0,"53":0,"54":0,"55":0,"56":0,"57":0,"58":1,"59":5,"60":0,"61":0,"62":0,"63":0,"64":0,"65":5,"66":5,"67":0,"68":0,"69":1,"70":0,"71":0,"72":0,"73":0,"74":0,"75":0,"76":0,"77":0,"78":1},"f":{"0":0,"1":0,"2":0,"3":0,"4":3,"5":0,"6":0,"7":5,"8":0},"b":{"0":[0],"1":[0],"2":[0,0],"3":[0,0],"4":[0,0,0],"5":[0],"6":[0],"7":[0],"8":[0],"9":[0],"10":[0],"11":[0,0],"12":[3,0],"13":[0,3],"14":[3,3],"15":[3],"16":[0],"17":[0],"18":[0],"19":[0],"20":[0],"21":[0,0],"22":[0],"23":[0,0],"24":[0,0],"25":[0,0],"26":[0],"27":[0],"28":[0,0],"29":[0,0],"30":[5],"31":[0,0],"32":[0],"33":[0]}}
,"/Users/billy3321/git/cic/ivod_transcript_db/app/lib/mcp/error-codes.ts": {"path":"/Users/billy3321/git/cic/ivod_transcript_db/app/lib/mcp/error-codes.ts","statementMap":{"0":{"start":{"line":7,"column":13},"end":{"line":13,"column":11}},"1":{"start":{"line":16,"column":13},"end":{"line":20,"column":11}},"2":{"start":{"line":23,"column":13},"end":{"line":38,"column":11}},"3":{"start":{"line":43,"column":13},"end":{"line":63,"column":11}},"4":{"start":{"line":69,"column":2},"end":{"line":69,"column":62}},"5":{"start":{"line":68,"column":0},"end":{"line":68,"column":16}},"6":{"start":{"line":77,"column":2},"end":{"line":77,"column":42}},"7":{"start":{"line":75,"column":0},"end":{"line":75,"column":16}},"8":{"start":{"line":84,"column":2},"end":{"line":84,"column":80}},"9":{"start":{"line":83,"column":0},"end":{"line":83,"column":16}}},"fnMap":{"0":{"name":"isStandardJsonRpcError","decl":{"start":{"line":68,"column":16},"end":{"line":68,"column":38}},"loc":{"start":{"line":68,"column":51},"end":{"line":70,"column":1}}},"1":{"name":"isValidErrorCode","decl":{"start":{"line":75,"column":16},"end":{"line":75,"column":32}},"loc":{"start":{"line":75,"column":45},"end":{"line":78,"column":1}}},"2":{"name":"getErrorMessage","decl":{"start":{"line":83,"column":16},"end":{"line":83,"column":31}},"loc":{"start":{"line":83,"column":44},"end":{"line":85,"column":1}}}},"branchMap":{"0":{"loc":{"start":{"line":77,"column":9},"end":{"line":77,"column":41}},"type":"binary-expr","locations":[{"start":{"line":77,"column":9},"end":{"line":77,"column":23}},{"start":{"line":77,"column":27},"end":{"line":77,"column":41}}]},"1":{"loc":{"start":{"line":84,"column":9},"end":{"line":84,"column":79}},"type":"binary-expr","locations":[{"start":{"line":84,"column":9},"end":{"line":84,"column":60}},{"start":{"line":84,"column":64},"end":{"line":84,"column":79}}]}},"s":{"0":4,"1":4,"2":4,"3":4,"4":0,"5":4,"6":10,"7":4,"8":0,"9":4},"f":{"0":0,"1":10,"2":0},"b":{"0":[10,10],"1":[0,0]}}
,"/Users/billy3321/git/cic/ivod_transcript_db/app/lib/mcp/handler.ts": {"path":"/Users/billy3321/git/cic/ivod_transcript_db/app/lib/mcp/handler.ts","statementMap":{"0":{"start":{"line":1,"column":0},"end":{"line":1,"column":67}},"1":{"start":{"line":3,"column":0},"end":{"line":3,"column":38}},"2":{"start":{"line":4,"column":0},"end":{"line":4,"column":81}},"3":{"start":{"line":5,"column":0},"end":{"line":5,"column":51}},"4":{"start":{"line":6,"column":0},"end":{"line":6,"column":34}},"5":{"start":{"line":7,"column":0},"end":{"line":7,"column":66}},"6":{"start":{"line":10,"column":32},"end":{"line":23,"column":2}},"7":{"start":{"line":25,"column":35},"end":{"line":28,"column":2}},"8":{"start":{"line":31,"column":10},"end":{"line":34,"column":5}},"9":{"start":{"line":39,"column":4},"end":{"line":39,"column":33}},"10":{"start":{"line":40,"column":4},"end":{"line":40,"column":72}},"11":{"start":{"line":41,"column":4},"end":{"line":41,"column":79}},"12":{"start":{"line":46,"column":4},"end":{"line":48,"column":null}},"13":{"start":{"line":47,"column":6},"end":{"line":47,"column":98}},"14":{"start":{"line":50,"column":44},"end":{"line":50,"column":51}},"15":{"start":{"line":53,"column":4},"end":{"line":55,"column":null}},"16":{"start":{"line":54,"column":6},"end":{"line":54,"column":117}},"17":{"start":{"line":58,"column":4},"end":{"line":60,"column":null}},"18":{"start":{"line":59,"column":6},"end":{"line":59,"column":135}},"19":{"start":{"line":62,"column":4},"end":{"line":137,"column":null}},"20":{"start":{"line":63,"column":6},"end":{"line":130,"column":null}},"21":{"start":{"line":65,"column":10},"end":{"line":65,"column":52}},"22":{"start":{"line":68,"column":10},"end":{"line":68,"column":72}},"23":{"start":{"line":71,"column":10},"end":{"line":71,"column":43}},"24":{"start":{"line":74,"column":10},"end":{"line":74,"column":86}},"25":{"start":{"line":77,"column":10},"end":{"line":85,"column":null}},"26":{"start":{"line":78,"column":36},"end":{"line":78,"column":67}},"27":{"start":{"line":79,"column":12},"end":{"line":79,"column":83}},"28":{"start":{"line":81,"column":12},"end":{"line":83,"column":null}},"29":{"start":{"line":82,"column":14},"end":{"line":82,"column":118}},"30":{"start":{"line":84,"column":12},"end":{"line":84,"column":24}},"31":{"start":{"line":88,"column":10},"end":{"line":88,"column":102}},"32":{"start":{"line":91,"column":10},"end":{"line":91,"column":82}},"33":{"start":{"line":94,"column":10},"end":{"line":102,"column":null}},"34":{"start":{"line":95,"column":33},"end":{"line":95,"column":61}},"35":{"start":{"line":96,"column":12},"end":{"line":96,"column":64}},"36":{"start":{"line":98,"column":12},"end":{"line":100,"column":null}},"37":{"start":{"line":99,"column":14},"end":{"line":99,"column":118}},"38":{"start":{"line":101,"column":12},"end":{"line":101,"column":24}},"39":{"start":{"line":106,"column":10},"end":{"line":106,"column":68}},"40":{"start":{"line":107,"column":10},"end":{"line":107,"column":17}},"41":{"start":{"line":110,"column":10},"end":{"line":110,"column":114}},"42":{"start":{"line":114,"column":10},"end":{"line":126,"column":13}},"43":{"start":{"line":129,"column":10},"end":{"line":129,"column":100}},"44":{"start":{"line":132,"column":6},"end":{"line":135,"column":9}},"45":{"start":{"line":136,"column":6},"end":{"line":136,"column":92}},"46":{"start":{"line":141,"column":4},"end":{"line":239,"column":6}},"47":{"start":{"line":244,"column":4},"end":{"line":246,"column":null}},"48":{"start":{"line":245,"column":6},"end":{"line":245,"column":118}},"49":{"start":{"line":248,"column":38},"end":{"line":248,"column":44}},"50":{"start":{"line":251,"column":4},"end":{"line":253,"column":null}},"51":{"start":{"line":252,"column":6},"end":{"line":252,"column":136}},"52":{"start":{"line":255,"column":17},"end":{"line":255,"column":37}},"53":{"start":{"line":256,"column":4},"end":{"line":258,"column":null}},"54":{"start":{"line":257,"column":6},"end":{"line":257,"column":127}},"55":{"start":{"line":260,"column":19},"end":{"line":260,"column":45}},"56":{"start":{"line":261,"column":4},"end":{"line":264,"column":null}},"57":{"start":{"line":263,"column":6},"end":{"line":263,"column":129}},"58":{"start":{"line":267,"column":19},"end":{"line":267,"column":23}},"59":{"start":{"line":268,"column":4},"end":{"line":271,"column":null}},"60":{"start":{"line":270,"column":6},"end":{"line":270,"column":20}},"61":{"start":{"line":273,"column":29},"end":{"line":273,"column":55}},"62":{"start":{"line":275,"column":4},"end":{"line":287,"column":null}},"63":{"start":{"line":276,"column":30},"end":{"line":276,"column":73}},"64":{"start":{"line":277,"column":6},"end":{"line":286,"column":8}},"65":{"start":{"line":289,"column":4},"end":{"line":312,"column":null}},"66":{"start":{"line":290,"column":21},"end":{"line":290,"column":54}},"67":{"start":{"line":291,"column":6},"end":{"line":293,"column":null}},"68":{"start":{"line":292,"column":8},"end":{"line":292,"column":106}},"69":{"start":{"line":294,"column":6},"end":{"line":294,"column":73}},"70":{"start":{"line":296,"column":6},"end":{"line":303,"column":9}},"71":{"start":{"line":306,"column":27},"end":{"line":306,"column":92}},"72":{"start":{"line":307,"column":6},"end":{"line":311,"column":8}},"73":{"start":{"line":317,"column":4},"end":{"line":319,"column":null}},"74":{"start":{"line":318,"column":6},"end":{"line":318,"column":75}},"75":{"start":{"line":321,"column":20},"end":{"line":321,"column":26}},"76":{"start":{"line":323,"column":4},"end":{"line":325,"column":null}},"77":{"start":{"line":324,"column":6},"end":{"line":324,"column":71}},"78":{"start":{"line":327,"column":4},"end":{"line":329,"column":null}},"79":{"start":{"line":328,"column":6},"end":{"line":328,"column":54}},"80":{"start":{"line":331,"column":4},"end":{"line":331,"column":35}},"81":{"start":{"line":336,"column":4},"end":{"line":338,"column":null}},"82":{"start":{"line":337,"column":6},"end":{"line":337,"column":73}},"83":{"start":{"line":340,"column":38},"end":{"line":340,"column":44}},"84":{"start":{"line":342,"column":4},"end":{"line":344,"column":null}},"85":{"start":{"line":343,"column":6},"end":{"line":343,"column":70}},"86":{"start":{"line":346,"column":4},"end":{"line":348,"column":null}},"87":{"start":{"line":347,"column":6},"end":{"line":347,"column":53}},"88":{"start":{"line":351,"column":4},"end":{"line":353,"column":null}},"89":{"start":{"line":352,"column":6},"end":{"line":352,"column":60}},"90":{"start":{"line":355,"column":4},"end":{"line":355,"column":39}},"91":{"start":{"line":359,"column":4},"end":{"line":363,"column":6}},"92":{"start":{"line":368,"column":4},"end":{"line":375,"column":null}},"93":{"start":{"line":369,"column":6},"end":{"line":372,"column":9}},"94":{"start":{"line":374,"column":6},"end":{"line":374,"column":44}},"95":{"start":{"line":377,"column":26},"end":{"line":385,"column":6}},"96":{"start":{"line":388,"column":4},"end":{"line":396,"column":7}},"97":{"start":{"line":398,"column":4},"end":{"line":398,"column":25}},"98":{"start":{"line":402,"column":4},"end":{"line":406,"column":8}},"99":{"start":{"line":402,"column":38},"end":{"line":406,"column":6}},"100":{"start":{"line":30,"column":0},"end":{"line":30,"column":13}}},"fnMap":{"0":{"name":"(anonymous_7)","decl":{"start":{"line":38,"column":2},"end":{"line":38,"column":null}},"loc":{"start":{"line":38,"column":2},"end":{"line":42,"column":3}}},"1":{"name":"(anonymous_8)","decl":{"start":{"line":44,"column":15},"end":{"line":44,"column":28}},"loc":{"start":{"line":44,"column":48},"end":{"line":138,"column":null}}},"2":{"name":"(anonymous_10)","decl":{"start":{"line":140,"column":16},"end":{"line":140,"column":25}},"loc":{"start":{"line":140,"column":25},"end":{"line":240,"column":null}}},"3":{"name":"(anonymous_12)","decl":{"start":{"line":242,"column":16},"end":{"line":242,"column":24}},"loc":{"start":{"line":242,"column":57},"end":{"line":313,"column":null}}},"4":{"name":"(anonymous_14)","decl":{"start":{"line":315,"column":16},"end":{"line":315,"column":28}},"loc":{"start":{"line":315,"column":40},"end":{"line":332,"column":null}}},"5":{"name":"(anonymous_16)","decl":{"start":{"line":334,"column":16},"end":{"line":334,"column":25}},"loc":{"start":{"line":334,"column":37},"end":{"line":356,"column":null}}},"6":{"name":"(anonymous_18)","decl":{"start":{"line":358,"column":10},"end":{"line":358,"column":31}},"loc":{"start":{"line":358,"column":64},"end":{"line":364,"column":3}}},"7":{"name":"(anonymous_19)","decl":{"start":{"line":366,"column":10},"end":{"line":366,"column":29}},"loc":{"start":{"line":366,"column":99},"end":{"line":399,"column":3}}},"8":{"name":"(anonymous_20)","decl":{"start":{"line":401,"column":10},"end":{"line":401,"column":24}},"loc":{"start":{"line":401,"column":40},"end":{"line":407,"column":3}}},"9":{"name":"(anonymous_21)","decl":{"start":{"line":402,"column":28},"end":{"line":402,"column":33}},"loc":{"start":{"line":402,"column":38},"end":{"line":406,"column":6}}}},"branchMap":{"0":{"loc":{"start":{"line":46,"column":4},"end":{"line":48,"column":null}},"type":"if","locations":[{"start":{"line":46,"column":4},"end":{"line":48,"column":null}}]},"1":{"loc":{"start":{"line":46,"column":8},"end":{"line":46,"column":47}},"type":"binary-expr","locations":[{"start":{"line":46,"column":8},"end":{"line":46,"column":16}},{"start":{"line":46,"column":20},"end":{"line":46,"column":47}}]},"2":{"loc":{"start":{"line":53,"column":4},"end":{"line":55,"column":null}},"type":"if","locations":[{"start":{"line":53,"column":4},"end":{"line":55,"column":null}}]},"3":{"loc":{"start":{"line":58,"column":4},"end":{"line":60,"column":null}},"type":"if","locations":[{"start":{"line":58,"column":4},"end":{"line":60,"column":null}}]},"4":{"loc":{"start":{"line":58,"column":8},"end":{"line":58,"column":45}},"type":"binary-expr","locations":[{"start":{"line":58,"column":8},"end":{"line":58,"column":15}},{"start":{"line":58,"column":19},"end":{"line":58,"column":45}}]},"5":{"loc":{"start":{"line":63,"column":6},"end":{"line":130,"column":null}},"type":"switch","locations":[{"start":{"line":64,"column":8},"end":{"line":65,"column":52}},{"start":{"line":67,"column":8},"end":{"line":68,"column":72}},{"start":{"line":70,"column":8},"end":{"line":71,"column":43}},{"start":{"line":73,"column":8},"end":{"line":74,"column":86}},{"start":{"line":76,"column":8},"end":{"line":85,"column":null}},{"start":{"line":87,"column":8},"end":{"line":88,"column":102}},{"start":{"line":90,"column":8},"end":{"line":91,"column":82}},{"start":{"line":93,"column":8},"end":{"line":102,"column":null}},{"start":{"line":104,"column":8},"end":{"line":107,"column":17}},{"start":{"line":109,"column":8},"end":{"line":110,"column":114}},{"start":{"line":112,"column":8},"end":{"line":112,"column":31}},{"start":{"line":113,"column":8},"end":{"line":126,"column":13}},{"start":{"line":128,"column":8},"end":{"line":129,"column":100}}]},"6":{"loc":{"start":{"line":81,"column":12},"end":{"line":83,"column":null}},"type":"if","locations":[{"start":{"line":81,"column":12},"end":{"line":83,"column":null}}]},"7":{"loc":{"start":{"line":81,"column":16},"end":{"line":81,"column":76}},"type":"binary-expr","locations":[{"start":{"line":81,"column":16},"end":{"line":81,"column":38}},{"start":{"line":81,"column":42},"end":{"line":81,"column":76}}]},"8":{"loc":{"start":{"line":98,"column":12},"end":{"line":100,"column":null}},"type":"if","locations":[{"start":{"line":98,"column":12},"end":{"line":100,"column":null}}]},"9":{"loc":{"start":{"line":98,"column":16},"end":{"line":98,"colu
[...]
{"line":279,"column":17},"end":{"line":279,"column":35}},{"start":{"line":279,"column":39},"end":{"line":279,"column":57}}]},"29":{"loc":{"start":{"line":280,"column":13},"end":{"line":280,"column":67}},"type":"cond-expr","locations":[{"start":{"line":280,"column":34},"end":{"line":280,"column":49}},{"start":{"line":280,"column":52},"end":{"line":280,"column":67}}]},"30":{"loc":{"start":{"line":306,"column":19},"end":{"line":306,"column":42}},"type":"binary-expr","locations":[{"start":{"line":306,"column":19},"end":{"line":306,"column":37}},{"start":{"line":306,"column":41},"end":{"line":306,"column":42}}]},"31":{"loc":{"start":{"line":306,"column":19},"end":{"line":306,"column":37}},"type":"cond-expr","locations":[{"start":{"line":306,"column":29},"end":{"line":306,"column":31}},{"start":{"line":306,"column":19},"end":{"line":306,"column":37}}]},"32":{"loc":{"start":{"line":306,"column":19},"end":{"line":306,"column":31}},"type":"binary-expr","locations":[{"start":{"line":306,"column":19},"end":{"line":306,"column":31}},{"start":{"line":306,"column":19},"end":{"line":306,"column":31}}]},"33":{"loc":{"start":{"line":323,"column":2},"end":{"line":323,"column":57}},"type":"if","locations":[{"start":{"line":323,"column":2},"end":{"line":323,"column":57}}]},"34":{"loc":{"start":{"line":323,"column":6},"end":{"line":323,"column":45}},"type":"binary-expr","locations":[{"start":{"line":323,"column":6},"end":{"line":323,"column":17}},{"start":{"line":323,"column":21},"end":{"line":323,"column":45}}]},"35":{"loc":{"start":{"line":326,"column":20},"end":{"line":326,"column":60}},"type":"binary-expr","locations":[{"start":{"line":326,"column":20},"end":{"line":326,"column":54}},{"start":{"line":326,"column":58},"end":{"line":326,"column":60}}]},"36":{"loc":{"start":{"line":327,"column":2},"end":{"line":327,"column":40}},"type":"if","locations":[{"start":{"line":327,"column":2},"end":{"line":327,"column":40}}]},"37":{"loc":{"start":{"line":332,"column":4},"end":{"line":332,"column":53}},"type":"if","locations":[{"start":{"line":332,"column":4},"end":{"line":332,"column":53}}]},"38":{"loc":{"start":{"line":332,"column":8},"end":{"line":332,"column":42}},"type":"binary-expr","locations":[{"start":{"line":332,"column":8},"end":{"line":332,"column":13}},{"start":{"line":332,"column":17},"end":{"line":332,"column":42}}]},"39":{"loc":{"start":{"line":335,"column":6},"end":{"line":358,"column":null}},"type":"if","locations":[{"start":{"line":335,"column":6},"end":{"line":358,"column":null}}]},"40":{"loc":{"start":{"line":342,"column":8},"end":{"line":344,"column":null}},"type":"if","locations":[{"start":{"line":342,"column":8},"end":{"line":344,"column":null}}]},"41":{"loc":{"start":{"line":347,"column":8},"end":{"line":355,"column":null}},"type":"if","locations":[{"start":{"line":347,"column":8},"end":{"line":355,"column":null}}]},"42":{"loc":{"start":{"line":357,"column":8},"end":{"line":357,"column":58}},"type":"if","locations":[{"start":{"line":357,"column":8},"end":{"line":357,"column":58}}]},"43":{"loc":{"start":{"line":360,"column":4},"end":{"line":360,"column":54}},"type":"if","locations":[{"start":{"line":360,"column":4},"end":{"line":360,"column":54}}]},"44":{"loc":{"start":{"line":372,"column":2},"end":{"line":374,"column":null}},"type":"if","locations":[{"start":{"line":372,"column":2},"end":{"line":374,"column":null}}]},"45":{"loc":{"start":{"line":376,"column":2},"end":{"line":378,"column":null}},"type":"if","locations":[{"start":{"line":376,"column":2},"end":{"line":378,"column":null}}]},"46":{"loc":{"start":{"line":380,"column":2},"end":{"line":382,"column":null}},"type":"if","locations":[{"start":{"line":380,"column":2},"end":{"line":382,"column":null}}]},"47":{"loc":{"start":{"line":388,"column":2},"end":{"line":388,"column":33}},"type":"if","locations":[{"start":{"line":388,"column":2},"end":{"line":388,"column":33}}]},"48":{"loc":{"start":{"line":390,"column":2},"end":{"line":397,"column":null}},"type":"if","locations":[{"start":{"line":390,"column":2},"end":{"line":397,"column":null}}]},"49":{"loc":{"start":{"line":393,"column":13},"end":{"line":393,"column":62}},"type":"cond-expr","locations":[{"start":{"line":393,"column":37},"end":{"line":393,"column":43}},{"start":{"line":393,"column":46},"end":{"line":393,"column":62}}]},"50":{"loc":{"start":{"line":399,"column":9},"end":{"line":399,"column":82}},"type":"cond-expr","locations":[{"start":{"line":399,"column":41},"end":{"line":399,"column":55}},{"start":{"line":399,"column":58},"end":{"line":399,"column":82}}]},"51":{"loc":{"start":{"line":434,"column":4},"end":{"line":444,"column":null}},"type":"if","locations":[{"start":{"line":434,"column":4},"end":{"line":444,"column":null}}]},"52":{"loc":{"start":{"line":450,"column":4},"end":{"line":471,"column":null}},"type":"switch","locations":[{"start":{"line":451,"column":6},"end":{"line":454,"column":14}},{"start":{"line":455,"column":6},"end":{"line":458,"column":14}},{"start":{"line":459,"column":6},"end":{"line":459,"column":18}},{"start":{"line":460,"column":6},"end":{"line":470,"column":null}}]},"53":{"loc":{"start":{"line":461,"column":8},"end":{"line":470,"column":null}},"type":"if","locations":[{"start":{"line":461,"column":8},"end":{"line":470,"column":null}},{"start":{"line":464,"column":15},"end":{"line":470,"column":null}}]},"54":{"loc":{"start":{"line":461,"column":12},"end":{"line":461,"column":66}},"type":"binary-expr","locations":[{"start":{"line":461,"column":12},"end":{"line":461,"column":32}},{"start":{"line":461,"column":36},"end":{"line":461,"column":66}}]},"55":{"loc":{"start":{"line":464,"column":15},"end":{"line":470,"column":null}},"type":"if","locations":[{"start":{"line":464,"column":15},"end":{"line":470,"column":null}},{"start":{"line":467,"column":15},"end":{"line":470,"column":null}}]},"56":{"loc":{"start":{"line":464,"column":19},"end":{"line":464,"column":73}},"type":"binary-expr","locations":[{"start":{"line":464,"column":19},"end":{"line":464,"column":39}},{"start":{"line":464,"column":43},"end":{"line":464,"column":73}}]},"57":{"loc":{"start":{"line":468,"column":20},"end":{"line":468,"column":64}},"type":"binary-expr","locations":[{"start":{"line":468,"column":20},"end":{"line":468,"column":40}},{"start":{"line":468,"column":44},"end":{"line":468,"column":64}}]},"58":{"loc":{"start":{"line":469,"column":19},"end":{"line":469,"column":75}},"type":"cond-expr","locations":[{"start":{"line":469,"column":42},"end":{"line":469,"column":57}},{"start":{"line":469,"column":60},"end":{"line":469,"column":75}}]},"59":{"loc":{"start":{"line":475,"column":20},"end":{"line":475,"column":45}},"type":"binary-expr","locations":[{"start":{"line":475,"column":20},"end":{"line":475,"column":39}},{"start":{"line":475,"column":43},"end":{"line":475,"column":45}}]},"60":{"loc":{"start":{"line":479,"column":15},"end":{"line":479,"column":33}},"type":"binary-expr","locations":[{"start":{"line":479,"column":15},"end":{"line":479,"column":27}},{"start":{"line":479,"column":31},"end":{"line":479,"column":33}}]},"61":{"loc":{"start":{"line":480,"column":22},"end":{"line":480,"column":47}},"type":"binary-expr","locations":[{"start":{"line":480,"column":22},"end":{"line":480,"column":41}},{"start":{"line":480,"column":45},"end":{"line":480,"column":47}}]},"62":{"loc":{"start":{"line":482,"column":18},"end":{"line":482,"column":39}},"type":"binary-expr","locations":[{"start":{"line":482,"column":18},"end":{"line":482,"column":33}},{"start":{"line":482,"column":37},"end":{"line":482,"column":39}}]},"63":{"loc":{"start":{"line":488,"column":21},"end":{"line":488,"column":41}},"type":"binary-expr","locations":[{"start":{"line":488,"column":21},"end":{"line":488,"column":36}},{"start":{"line":488,"column":40},"end":{"line":488,"column":41}}]},"64":{"loc":{"start":{"line":488,"column":21},"end":{"line":488,"column":36}},"type":"cond-expr","locations":[{"start":{"line":488,"column":28},"end":{"line":488,"column":30}},{"start":{"line":488,"column":21},"end":{"line":488,"column":36}}]},"65":{"loc":{"start":{"line":488,"column":21},"end":{"line":488,"column":30}},"type":"binary-expr","locations":[{"start":{"line":488,"column":21},"end":{"line":488,"column":30}},{"start":{"line":488,"column":21},"end":{"line":488,"column":30}}]},"66":{"loc":{"start":{"line":498,"column":24},"end":{"line":498,"column":44}},"type":"binary-expr","locations":[{"start":{"line":498,"column":24},"end":{"line":498,"column":39}},{"start":{"line":498,"column":43},"end":{"line":498,"column":44}}]},"67":{"loc":{"start":{"line":498,"column":24},"end":{"line":498,"column":39}},"type":"cond-expr","locations":[{"start":{"line":498,"column":31},"end":{"line":498,"column":33}},{"start":{"line":498,"column":24},"end":{"line":498,"column":39}}]},"68":{"loc":{"start":{"line":498,"column":24},"end":{"line":498,"column":33}},"type":"binary-expr","locations":[{"start":{"line":498,"column":24},"end":{"line":498,"column":33}},{"start":{"line":498,"column":24},"end":{"line":498,"column":33}}]},"69":{"loc":{"start":{"line":518,"column":13},"end":{"line":518,"column":67}},"type":"cond-expr","locations":[{"start":{"line":518,"column":38},"end":{"line":518,"column":51}},{"start":{"line":518,"column":54},"end":{"line":518,"column":67}}]},"70":{"loc":{"start":{"line":519,"column":13},"end":{"line":519,"column":61}},"type":"cond-expr","locations":[{"start":{"line":519,"column":38},"end":{"line":519,"column":49}},{"start":{"line":519,"column":52},"end":{"line":519,"column":61}}]},"71":{"loc":{"start":{"line":525,"column":17},"end":{"line":525,"column":73}},"type":"cond-expr","locations":[{"start":{"line":525,"column":42},"end":{"line":525,"column":55}},{"start":{"line":525,"column":58},"end":{"line":525,"column":73}}]}},"s":{"0":1,"1":1,"2":1,"3":1,"4":1,"5":1,"6":1,"7":3,"8":3,"9":3,"10":3,"11":3,"12":3,"13":0,"14":0,"15":3,"16":3,"17":3,"18":0,"19":0,"20":1,"21":3,"22":0,"23":3,"24":0,"25":0,"26":0,"27":3,"28":3,"29":3,"30":3,"31":3,"32":0,"33":0,"34":0,"35":0,"36":0,"37":3,"38":3,"39":3,"40":0,"41":0,"42":0,"43":3,"44":3,"45":3,"46":3,"47":2,"48":2,"49":0,"50":2,"51":0,"52":2,"53":2,"54":3,"55":1,"56":1,"57":1,"58":3,"59":0,"60":3,"61":0,"62":0,"63":0,"64":3,"65":0,"66":0,"67":0,"68":0,"69":0,"70":0,"71":0,"72":0,"73":0,"74":0,"75":3,"76":0,"77":3,"78":3,"79":0,"80":0,"81":0,"82":0,"83":0,"84":0,"85":0,"86":0,"87":0,"88":0,"89":0,"90":0,"91":0,"92":0,"93":0,"94":0,"95":0,"96":0,"97":0,"98":0,"99":0,"100":0,"101":0,"102":0,"103":0,"104":0,"105":0,"106":0,"107":0,"108":0,"109":0,"110":0,"111":0,"112":0,"113":0,"114":0,"115":0,"116":0,"117":0,"118":0,"119":0,"120":0,"121":0,"122":0,"123":0,"124":0,"125":0,"126":0,"127":0,"128":0,"129":0,"130":0,"131":0,"132":0,"133":0,"134":0,"135":0,"136":0,"137":0,"138":0,"139":0,"140":0,"141":0,"142":0,"143":0,"144":0,"145":0,"146":0,"147":0,"148":0,"149":0,"150":0,"151":0,"152":0,"153":0,"154":0,"155":0,"156":0,"157":0,"158":0,"159":1},"f":{"0":3,"1":0,"2":0,"3":3,"4":0,"5":3,"6":3,"7":3,"8":1,"9":0,"10":0,"11":0,"12":0,"13":0,"14":0,"15":0,"16":0,"17":0},"b":{"0":[0,0],"1":[0,0],"2":[0,0],"3":[0,3,0],"4":[0],"5":[0,0],"6":[0,0],"7":[0,3],"8":[0],"9":[0],"10":[0],"11":[2],"12":[0],"13":[0,2],"14":[1],"15":[3,1],"16":[0],"17":[0],"18":[3,0],"19":[0],"20":[3,3],"21":[0],"22":[0],"23":[0],"24":[0],"25":[0,3],"26":[3,0],"27":[0,0],"28":[0,0],"29":[0,0],"30":[0,0],"31":[0,0],"32":[0,0],"33":[0],"34":[0,0],"35":[0,0],"36":[0],"37":[0],"38":[0,0],"39":[0],"40":[0],"41":[0],"42":[0],"43":[0],"44":[0],"45":[0],"46":[0],"47":[0],"48":[0],"49":[0,0],"50":[0,0],"51":[0],"52":[0,0,0,0],"53":[0,0],"54":[0,0],"55":[0,0],"56":[0,0],"57":[0,0],"58":[0,0],"59":[0,0],"60":[0,0],"61":[0,0],"62":[0,0],"63":[0,0],"64":[0,0],"65":[0,0],"66":[0,0],"67":[0,0],"68":[0,0],"69":[0,0],"70":[0,0],"71":[0,0]}}
,"/Users/billy3321/git/cic/ivod_transcript_db/app/pages/api/mcp.ts": {"path":"/Users/billy3321/git/cic/ivod_transcript_db/app/pages/api/mcp.ts","statementMap":{"0":{"start":{"line":2,"column":0},"end":{"line":2,"column":47}},"1":{"start":{"line":3,"column":0},"end":{"line":3,"column":38}},"2":{"start":{"line":4,"column":0},"end":{"line":4,"column":80}},"3":{"start":{"line":5,"column":0},"end":{"line":5,"column":68}},"4":{"start":{"line":9,"column":2},"end":{"line":9,"column":52}},"5":{"start":{"line":10,"column":2},"end":{"line":10,"column":65}},"6":{"start":{"line":11,"column":2},"end":{"line":11,"column":64}},"7":{"start":{"line":12,"column":2},"end":{"line":12,"column":52}},"8":{"start":{"line":15,"column":2},"end":{"line":17,"column":null}},"9":{"start":{"line":16,"column":4},"end":{"line":16,"column":33}},"10":{"start":{"line":20,"column":2},"end":{"line":29,"column":null}},"11":{"start":{"line":21,"column":4},"end":{"line":28,"column":7}},"12":{"start":{"line":32,"column":19},"end":{"line":32,"column":43}},"13":{"start":{"line":33,"column":26},"end":{"line":33,"column":64}},"14":{"start":{"line":35,"column":2},"end":{"line":72,"column":null}},"15":{"start":{"line":36,"column":25},"end":{"line":38,"column":29}},"16":{"start":{"line":41,"column":4},"end":{"line":41,"column":46}},"17":{"start":{"line":42,"column":4},"end":{"line":42,"column":81}},"18":{"start":{"line":43,"column":4},"end":{"line":43,"column":95}},"19":{"start":{"line":45,"column":4},"end":{"line":47,"column":null}},"20":{"start":{"line":46,"column":6},"end":{"line":46,"column":106}},"21":{"start":{"line":49,"column":4},"end":{"line":56,"column":7}},"22":{"start":{"line":58,"column":4},"end":{"line":71,"column":7}},"23":{"start":{"line":75,"column":2},"end":{"line":75,"column":44}},"24":{"start":{"line":76,"column":2},"end":{"line":76,"column":79}},"25":{"start":{"line":77,"column":2},"end":{"line":77,"column":93}},"26":{"start":{"line":79,"column":18},"end":{"line":79,"column":34}},"27":{"start":{"line":81,"column":2},"end":{"line":112,"column":null}},"28":{"start":{"line":82,"column":4},"end":{"line":86,"column":7}},"29":{"start":{"line":88,"column":21},"end":{"line":88,"column":58}},"30":{"start":{"line":90,"column":4},"end":{"line":96,"column":7}},"31":{"start":{"line":98,"column":4},"end":{"line":98,"column":35}},"32":{"start":{"line":100,"column":4},"end":{"line":103,"column":7}},"33":{"start":{"line":104,"column":4},"end":{"line":111,"column":7}},"34":{"start":{"line":7,"column":0},"end":{"line":7,"column":30}}},"fnMap":{"0":{"name":"mcpEndpoint","decl":{"start":{"line":7,"column":30},"end":{"line":7,"column":41}},"loc":{"start":{"line":7,"column":83},"end":{"line":113,"column":null}}}},"branchMap":{"0":{"loc":{"start":{"line":15,"column":2},"end":{"line":17,"column":null}},"type":"if","locations":[{"start":{"line":15,"column":2},"end":{"line":17,"column":null}}]},"1":{"loc":{"start":{"line":20,"column":2},"end":{"line":29,"column":null}},"type":"if","locations":[{"start":{"line":20,"column":2},"end":{"line":29,"column":null}}]},"2":{"loc":{"start":{"line":35,"column":2},"end":{"line":72,"column":null}},"type":"if","locations":[{"start":{"line":35,"column":2},"end":{"line":72,"column":null}}]},"3":{"loc":{"start":{"line":36,"column":25},"end":{"line":38,"column":29}},"type":"cond-expr","locations":[{"start":{"line":37,"column":8},"end":{"line":37,"column":64}},{"start":{"line":38,"column":8},"end":{"line":38,"column":29}}]},"4":{"loc":{"start":{"line":45,"column":4},"end":{"line":47,"column":null}},"type":"if","locations":[{"start":{"line":45,"column":4},"end":{"line":47,"column":null}}]},"5":{"loc":{"start":{"line":60,"column":10},"end":{"line":60,"column":30}},"type":"binary-expr","locations":[{"start":{"line":60,"column":10},"end":{"line":60,"column":22}},{"start":{"line":60,"column":26},"end":{"line":60,"column":30}}]},"6":{"loc":{"start":{"line":60,"column":10},"end":{"line":60,"column":22}},"type":"cond-expr","locations":[{"start":{"line":60,"column":18},"end":{"line":60,"column":20}},{"start":{"line":60,"column":18},"end":{"line":60,"column":22}}]},"7":{"loc":{"start":{"line":60,"column":10},"end":{"line":60,"column":20}},"type":"binary-expr","locations":[{"start":{"line":60,"column":10},"end":{"line":60,"column":20}},{"start":{"line":60,"column":18},"end":{"line":60,"column":20}}]},"8":{"loc":{"start":{"line":83,"column":14},"end":{"line":83,"column":30}},"type":"cond-expr","locations":[{"start":{"line":83,"column":22},"end":{"line":83,"column":24}},{"start":{"line":83,"column":22},"end":{"line":83,"column":30}}]},"9":{"loc":{"start":{"line":83,"column":14},"end":{"line":83,"column":24}},"type":"binary-expr","locations":[{"start":{"line":83,"column":14},"end":{"line":83,"column":24}},{"start":{"line":83,"column":22},"end":{"line":83,"column":24}}]},"10":{"loc":{"start":{"line":85,"column":22},"end":{"line":85,"column":34}},"type":"cond-expr","locations":[{"start":{"line":85,"column":30},"end":{"line":85,"column":32}},{"start":{"line":85,"column":30},"end":{"line":85,"column":34}}]},"11":{"loc":{"start":{"line":85,"column":22},"end":{"line":85,"column":32}},"type":"binary-expr","locations":[{"start":{"line":85,"column":22},"end":{"line":85,"column":32}},{"start":{"line":85,"column":30},"end":{"line":85,"column":32}}]},"12":{"loc":{"start":{"line":91,"column":14},"end":{"line":91,"column":30}},"type":"cond-expr","locations":[{"start":{"line":91,"column":22},"end":{"line":91,"column":24}},{"start":{"line":91,"column":22},"end":{"line":91,"column":30}}]},"13":{"loc":{"start":{"line":91,"column":14},"end":{"line":91,"column":24}},"type":"binary-expr","locations":[{"start":{"line":91,"column":14},"end":{"line":91,"column":24}},{"start":{"line":91,"column":22},"end":{"line":91,"column":24}}]},"14":{"loc":{"start":{"line":93,"column":12},"end":{"line":93,"column":24}},"type":"cond-expr","locations":[{"start":{"line":93,"column":20},"end":{"line":93,"column":22}},{"start":{"line":93,"column":20},"end":{"line":93,"column":24}}]},"15":{"loc":{"start":{"line":93,"column":12},"end":{"line":93,"column":22}},"type":"binary-expr","locations":[{"start":{"line":93,"column":12},"end":{"line":93,"column":22}},{"start":{"line":93,"column":20},"end":{"line":93,"column":22}}]},"16":{"loc":{"start":{"line":94,"column":17},"end":{"line":94,"column":50}},"type":"cond-expr","locations":[{"start":{"line":94,"column":28},"end":{"line":94,"column":43}},{"start":{"line":94,"column":46},"end":{"line":94,"column":50}}]},"17":{"loc":{"start":{"line":101,"column":13},"end":{"line":101,"column":67}},"type":"cond-expr","locations":[{"start":{"line":101,"column":38},"end":{"line":101,"column":51}},{"start":{"line":101,"column":54},"end":{"line":101,"column":67}}]},"18":{"loc":{"start":{"line":102,"column":13},"end":{"line":102,"column":61}},"type":"cond-expr","locations":[{"start":{"line":102,"column":38},"end":{"line":102,"column":49}},{"start":{"line":102,"column":52},"end":{"line":102,"column":61}}]},"19":{"loc":{"start":{"line":106,"column":10},"end":{"line":106,"column":30}},"type":"binary-expr","locations":[{"start":{"line":106,"column":10},"end":{"line":106,"column":22}},{"start":{"line":106,"column":26},"end":{"line":106,"column":30}}]},"20":{"loc":{"start":{"line":106,"column":10},"end":{"line":106,"column":22}},"type":"cond-expr","locations":[{"start":{"line":106,"column":18},"end":{"line":106,"column":20}},{"start":{"line":106,"column":18},"end":{"line":106,"column":22}}]},"21":{"loc":{"start":{"line":106,"column":10},"end":{"line":106,"column":20}},"type":"binary-expr","locations":[{"start":{"line":106,"column":10},"end":{"line":106,"column":20}},{"start":{"line":106,"column":18},"end":{"line":106,"column":20}}]}},"s":{"0":2,"1":2,"2":2,"3":2,"4":10,"5":10,"6":10,"7":10,"8":10,"9":0,"10":10,"11":1,"12":9,"13":9,"14":9,"15":0,"16":0,"17":0,"18":0,"19":0,"20":0,"21":0,"22":0,"23":9,"24":9,"25":9,"26":9,"27":9,"28":9,"29":9,"30":8,"31":8,"32":1,"33":1,"34":2},"f":{"0":10},"b":{"0":[0],"1":[1],"2":[0],"3":[0,0],"4":[0],"5":[0,0],"6":[0,0],"7":[0,0],"8":[0,9],"9":[9,9],"10":[0,9],"11":[9,9],"12":[0,8],"13":[8,8],"14":[0,8],"15":[8,8],"16":[8,0],"17":[1,0],"18":[1,0],"19":[1,0],"20":[0,1],"21":[1,1]}}
}
