TN:
SF:lib/database-env.ts
FN:12,getDatabaseEnvironment
FN:35,getDatabaseConfig
FN:54,getSQLiteConfig
FN:79,getPostgreSQLConfig
FN:109,getMySQLConfig
FN:139,getElasticsearchConfig
FNF:6
FNH:3
FNDA:2,getDatabaseEnvironment
FNDA:1,getDatabaseConfig
FNDA:0,getSQLiteConfig
FNDA:0,getPostgreSQLConfig
FNDA:1,getMySQLConfig
FNDA:0,getElasticsearchConfig
DA:12,1
DA:14,2
DA:15,2
DA:19,0
DA:20,0
DA:24,0
DA:25,0
DA:29,0
DA:35,1
DA:36,1
DA:37,1
DA:39,1
DA:41,0
DA:43,0
DA:45,1
DA:47,0
DA:55,0
DA:57,0
DA:59,0
DA:64,0
DA:69,0
DA:80,0
DA:88,0
DA:90,0
DA:91,0
DA:93,0
DA:94,0
DA:96,0
DA:97,0
DA:100,0
DA:110,1
DA:118,1
DA:120,1
DA:121,1
DA:123,0
DA:124,0
DA:126,0
DA:127,0
DA:130,1
DA:139,1
DA:140,0
DA:142,0
DA:151,0
DA:153,0
DA:154,0
DA:156,0
DA:157,0
DA:159,0
DA:160,0
DA:163,0
LF:50
LH:14
BRDA:14,0,0,2
BRDA:14,1,0,2
BRDA:14,1,1,0
BRDA:19,2,0,0
BRDA:24,3,0,0
BRDA:36,4,0,1
BRDA:36,4,1,1
BRDA:37,5,0,1
BRDA:37,5,1,0
BRDA:37,6,0,0
BRDA:37,6,1,1
BRDA:37,7,0,1
BRDA:37,7,1,1
BRDA:39,8,0,0
BRDA:39,8,1,0
BRDA:39,8,2,1
BRDA:39,8,3,0
BRDA:57,9,0,0
BRDA:57,9,1,0
BRDA:57,9,2,0
BRDA:60,10,0,0
BRDA:60,10,1,0
BRDA:61,11,0,0
BRDA:61,11,1,0
BRDA:65,12,0,0
BRDA:65,12,1,0
BRDA:66,13,0,0
BRDA:66,13,1,0
BRDA:70,14,0,0
BRDA:70,14,1,0
BRDA:71,15,0,0
BRDA:71,15,1,0
BRDA:81,16,0,0
BRDA:81,16,1,0
BRDA:82,17,0,0
BRDA:82,17,1,0
BRDA:83,18,0,0
BRDA:83,18,1,0
BRDA:84,19,0,0
BRDA:84,19,1,0
BRDA:88,20,0,0
BRDA:88,20,1,0
BRDA:88,20,2,0
BRDA:90,21,0,0
BRDA:90,21,1,0
BRDA:93,22,0,0
BRDA:93,22,1,0
BRDA:96,23,0,0
BRDA:96,23,1,0
BRDA:111,24,0,1
BRDA:111,24,1,0
BRDA:112,25,0,1
BRDA:112,25,1,0
BRDA:113,26,0,1
BRDA:113,26,1,0
BRDA:114,27,0,1
BRDA:114,27,1,0
BRDA:118,28,0,1
BRDA:118,28,1,0
BRDA:118,28,2,0
BRDA:120,29,0,1
BRDA:120,29,1,1
BRDA:123,30,0,0
BRDA:123,30,1,0
BRDA:126,31,0,0
BRDA:126,31,1,0
BRDA:140,32,0,0
BRDA:140,32,1,0
BRDA:143,33,0,0
BRDA:143,33,1,0
BRDA:144,34,0,0
BRDA:144,34,1,0
BRDA:145,35,0,0
BRDA:145,35,1,0
BRDA:151,36,0,0
BRDA:151,36,1,0
BRDA:151,36,2,0
BRDA:153,37,0,0
BRDA:153,37,1,0
BRDA:156,38,0,0
BRDA:156,38,1,0
BRDA:159,39,0,0
BRDA:159,39,1,0
BRF:83
BRH:16
end_of_record
TN:
SF:lib/logger.ts
FN:54,(anonymous_0)
FN:70,(anonymous_1)
FN:81,(anonymous_2)
FN:85,(anonymous_3)
FN:132,(anonymous_4)
FN:151,(anonymous_5)
FN:170,(anonymous_6)
FN:175,(anonymous_7)
FN:176,(anonymous_8)
FN:181,(anonymous_9)
FN:185,(anonymous_10)
FN:194,(anonymous_11)
FN:226,(anonymous_12)
FN:230,(anonymous_13)
FN:234,(anonymous_14)
FN:238,(anonymous_15)
FN:243,(anonymous_16)
FN:255,(anonymous_17)
FN:265,(anonymous_18)
FN:274,(anonymous_19)
FN:287,(anonymous_20)
FNF:21
FNH:5
FNDA:1,(anonymous_0)
FNDA:0,(anonymous_1)
FNDA:16,(anonymous_2)
FNDA:0,(anonymous_3)
FNDA:16,(anonymous_4)
FNDA:0,(anonymous_5)
FNDA:0,(anonymous_6)
FNDA:0,(anonymous_7)
FNDA:0,(anonymous_8)
FNDA:0,(anonymous_9)
FNDA:0,(anonymous_10)
FNDA:16,(anonymous_11)
FNDA:0,(anonymous_12)
FNDA:0,(anonymous_13)
FNDA:16,(anonymous_14)
FNDA:0,(anonymous_15)
FNDA:0,(anonymous_16)
FNDA:0,(anonymous_17)
FNDA:0,(anonymous_18)
FNDA:0,(anonymous_19)
FNDA:0,(anonymous_20)
DA:47,1
DA:55,1
DA:65,1
DA:66,0
DA:71,0
DA:72,0
DA:73,0
DA:74,0
DA:77,0
DA:82,16
DA:86,0
DA:87,0
DA:89,0
DA:91,0
DA:93,0
DA:94,0
DA:97,0
DA:98,0
DA:101,0
DA:102,0
DA:105,0
DA:106,0
DA:109,0
DA:110,0
DA:113,0
DA:115,0
DA:117,0
DA:118,0
DA:121,0
DA:122,0
DA:125,0
DA:126,0
DA:129,0
DA:133,16
DA:135,0
DA:136,0
DA:137,0
DA:138,0
DA:139,0
DA:142,0
DA:144,0
DA:145,0
DA:147,0
DA:152,0
DA:153,0
DA:154,0
DA:156,0
DA:157,0
DA:158,0
DA:159,0
DA:160,0
DA:163,0
DA:166,0
DA:171,0
DA:172,0
DA:173,0
DA:174,0
DA:175,0
DA:176,0
DA:181,0
DA:184,0
DA:185,0
DA:186,0
DA:190,0
DA:195,16
DA:197,16
DA:204,16
DA:205,0
DA:207,0
DA:209,0
DA:210,0
DA:212,0
DA:213,0
DA:215,0
DA:216,0
DA:218,0
DA:219,0
DA:223,16
DA:227,0
DA:231,0
DA:235,16
DA:239,0
DA:244,0
DA:256,0
DA:266,0
DA:275,0
DA:288,0
DA:297,1
DA:305,1
LF:89
LH:12
BRDA:54,0,0,0
BRDA:56,1,0,1
BRDA:56,1,1,0
BRDA:56,2,0,1
BRDA:56,2,1,1
BRDA:57,3,0,1
BRDA:57,3,1,0
BRDA:57,4,0,1
BRDA:57,4,1,1
BRDA:58,5,0,1
BRDA:58,5,1,0
BRDA:58,6,0,1
BRDA:58,6,1,1
BRDA:59,7,0,1
BRDA:59,7,1,0
BRDA:59,8,0,1
BRDA:59,8,1,1
BRDA:59,9,0,1
BRDA:59,9,1,0
BRDA:59,10,0,1
BRDA:59,10,1,1
BRDA:60,11,0,0
BRDA:60,11,1,1
BRDA:60,12,0,1
BRDA:60,12,1,1
BRDA:61,13,0,0
BRDA:61,13,1,1
BRDA:61,14,0,1
BRDA:61,14,1,1
BRDA:65,15,0,0
BRDA:73,16,0,0
BRDA:89,17,0,0
BRDA:93,18,0,0
BRDA:93,19,0,0
BRDA:93,19,1,0
BRDA:97,20,0,0
BRDA:101,21,0,0
BRDA:105,22,0,0
BRDA:109,23,0,0
BRDA:113,24,0,0
BRDA:113,24,1,0
BRDA:117,25,0,0
BRDA:121,26,0,0
BRDA:125,27,0,0
BRDA:133,28,0,16
BRDA:154,29,0,0
BRDA:157,30,0,0
BRDA:175,31,0,0
BRDA:175,31,1,0
BRDA:184,32,0,0
BRDA:195,33,0,0
BRDA:204,34,0,0
BRDA:207,35,0,0
BRDA:207,35,1,0
BRDA:207,35,2,0
BRDA:207,35,3,0
BRDA:247,36,0,0
BRDA:247,36,1,0
BRDA:247,37,0,0
BRDA:247,37,1,0
BRDA:247,38,0,0
BRDA:247,38,1,0
BRDA:259,39,0,0
BRDA:259,39,1,0
BRDA:259,40,0,0
BRDA:259,40,1,0
BRDA:259,41,0,0
BRDA:259,41,1,0
BRDA:289,42,0,0
BRDA:289,42,1,0
BRDA:289,42,2,0
BRDA:289,43,0,0
BRDA:289,43,1,0
BRDA:289,44,0,0
BRDA:289,44,1,0
BRDA:290,45,0,0
BRDA:290,45,1,0
BRDA:290,46,0,0
BRDA:290,46,1,0
BRDA:291,47,0,0
BRDA:291,47,1,0
BRDA:291,48,0,0
BRDA:291,48,1,0
BRDA:300,49,0,1
BRDA:300,49,1,1
BRDA:301,50,0,1
BRDA:301,50,1,1
BRF:87
BRH:26
end_of_record
TN:
SF:lib/prisma.ts
FNF:0
FNH:0
DA:1,1
DA:2,1
DA:3,1
DA:5,1
DA:8,1
DA:9,1
DA:12,1
DA:14,0
DA:15,0
DA:18,1
DA:21,1
DA:24,1
DA:25,1
DA:26,1
DA:29,1
DA:30,1
LF:16
LH:14
BRDA:12,0,0,0
BRDA:12,0,1,1
BRDA:12,1,0,0
BRDA:12,1,1,1
BRDA:12,2,0,1
BRDA:12,2,1,1
BRDA:24,3,0,1
BRF:7
BRH:5
end_of_record
TN:
SF:lib/searchHighlight.ts
FN:20,extractSearchExcerpt
FN:68,cleanSearchQuery
FN:102,findFirstMatch
FN:114,(anonymous_3)
FN:137,extractContext
FN:171,highlightMatches
FN:196,getWordsToHighlight
FN:201,(anonymous_7)
FN:206,(anonymous_8)
FN:214,escapeHtml
FN:228,escapeRegExp
FN:237,isTranscriptSearch
FN:242,(anonymous_12)
FNF:13
FNH:0
FNDA:0,extractSearchExcerpt
FNDA:0,cleanSearchQuery
FNDA:0,findFirstMatch
FNDA:0,(anonymous_3)
FNDA:0,extractContext
FNDA:0,highlightMatches
FNDA:0,getWordsToHighlight
FNDA:0,(anonymous_7)
FNDA:0,(anonymous_8)
FNDA:0,escapeHtml
FNDA:0,escapeRegExp
FNDA:0,isTranscriptSearch
FNDA:0,(anonymous_12)
DA:20,1
DA:26,0
DA:33,0
DA:34,0
DA:38,0
DA:39,0
DA:40,0
DA:44,0
DA:45,0
DA:46,0
DA:50,0
DA:53,0
DA:55,0
DA:70,0
DA:86,0
DA:87,0
DA:88,0
DA:89,0
DA:93,0
DA:104,0
DA:105,0
DA:106,0
DA:114,0
DA:115,0
DA:116,0
DA:117,0
DA:118,0
DA:126,0
DA:143,0
DA:144,0
DA:146,0
DA:147,0
DA:150,0
DA:151,0
DA:155,0
DA:156,0
DA:159,0
DA:172,0
DA:175,0
DA:178,0
DA:181,0
DA:182,0
DA:183,0
DA:184,0
DA:188,0
DA:198,0
DA:201,0
DA:202,0
DA:205,0
DA:206,0
DA:215,0
DA:229,0
DA:237,1
DA:238,0
DA:241,0
DA:242,0
DA:243,0
DA:247,0
DA:248,0
DA:252,0
LF:60
LH:2
BRDA:23,0,0,0
BRDA:33,1,0,0
BRDA:33,2,0,0
BRDA:33,2,1,0
BRDA:33,2,2,0
BRDA:39,3,0,0
BRDA:45,4,0,0
BRDA:86,5,0,0
BRDA:88,6,0,0
BRDA:105,7,0,0
BRDA:117,8,0,0
BRDA:150,9,0,0
BRDA:155,10,0,0
BRDA:161,11,0,0
BRDA:161,11,1,0
BRDA:172,12,0,0
BRDA:182,13,0,0
BRDA:238,14,0,0
BRDA:238,15,0,0
BRDA:238,15,1,0
BRDA:247,16,0,0
BRF:21
BRH:0
end_of_record
TN:
SF:lib/utils.ts
FN:8,formatCommitteeNames
FN:26,formatIVODTitle
FN:43,formatVideoTime
FN:71,formatVideoType
FN:88,getDbBackend
FN:100,normalizeTimestamp
FN:127,formatTimestamp
FN:156,createContainsCondition
FN:187,convertToDate
FNF:9
FNH:2
FNDA:0,formatCommitteeNames
FNDA:0,formatIVODTitle
FNDA:0,formatVideoTime
FNDA:0,formatVideoType
FNDA:3,getDbBackend
FNDA:0,normalizeTimestamp
FNDA:0,formatTimestamp
FNDA:5,createContainsCondition
FNDA:0,convertToDate
DA:8,1
DA:9,0
DA:11,0
DA:12,0
DA:13,0
DA:14,0
DA:16,0
DA:20,0
DA:26,1
DA:27,0
DA:29,0
DA:30,0
DA:33,0
DA:34,0
DA:37,0
DA:43,1
DA:44,0
DA:47,0
DA:48,0
DA:52,0
DA:53,0
DA:54,0
DA:55,0
DA:57,0
DA:64,0
DA:71,1
DA:72,0
DA:74,0
DA:82,0
DA:88,1
DA:89,3
DA:90,3
DA:91,3
DA:93,0
DA:100,1
DA:101,0
DA:103,0
DA:104,0
DA:107,0
DA:109,0
DA:110,0
DA:111,0
DA:112,0
DA:114,0
DA:116,0
DA:120,0
DA:127,1
DA:128,0
DA:130,0
DA:131,0
DA:132,0
DA:133,0
DA:137,0
DA:148,0
DA:156,1
DA:158,5
DA:159,0
DA:161,0
DA:162,0
DA:165,0
DA:168,0
DA:173,5
DA:174,5
DA:178,0
DA:179,0
DA:187,1
DA:188,0
DA:190,0
DA:191,0
DA:192,0
DA:193,0
DA:195,0
DA:197,0
LF:73
LH:15
BRDA:9,0,0,0
BRDA:11,1,0,0
BRDA:14,2,0,0
BRDA:14,2,1,0
BRDA:20,3,0,0
BRDA:20,3,1,0
BRDA:27,4,0,0
BRDA:27,4,1,0
BRDA:27,4,2,0
BRDA:29,5,0,0
BRDA:33,6,0,0
BRDA:44,7,0,0
BRDA:47,8,0,0
BRDA:54,9,0,0
BRDA:72,10,0,0
BRDA:82,11,0,0
BRDA:82,11,1,0
BRDA:89,12,0,3
BRDA:89,12,1,0
BRDA:89,13,0,0
BRDA:89,13,1,3
BRDA:89,14,0,3
BRDA:89,14,1,3
BRDA:90,15,0,3
BRDA:101,16,0,0
BRDA:103,17,0,0
BRDA:107,18,0,0
BRDA:111,19,0,0
BRDA:128,20,0,0
BRDA:131,21,0,0
BRDA:131,21,1,0
BRDA:132,22,0,0
BRDA:148,23,0,0
BRDA:148,23,1,0
BRDA:148,24,0,0
BRDA:148,24,1,0
BRDA:148,25,0,0
BRDA:148,25,1,0
BRDA:156,26,0,0
BRDA:158,27,0,0
BRDA:159,28,0,0
BRDA:159,28,1,0
BRDA:162,29,0,0
BRDA:162,29,1,0
BRDA:173,30,0,5
BRDA:179,31,0,0
BRDA:179,31,1,0
BRDA:188,32,0,0
BRDA:192,33,0,0
BRF:49
BRH:6
end_of_record
TN:
SF:lib/mcp/error-codes.ts
FN:68,isStandardJsonRpcError
FN:75,isValidErrorCode
FN:83,getErrorMessage
FNF:3
FNH:1
FNDA:0,isStandardJsonRpcError
FNDA:10,isValidErrorCode
FNDA:0,getErrorMessage
DA:7,4
DA:16,4
DA:23,4
DA:43,4
DA:68,4
DA:69,0
DA:75,4
DA:77,10
DA:83,4
DA:84,0
LF:10
LH:8
BRDA:77,0,0,10
BRDA:77,0,1,10
BRDA:84,1,0,0
BRDA:84,1,1,0
BRF:4
BRH:2
end_of_record
TN:
SF:lib/mcp/handler.ts
FN:38,(anonymous_7)
FN:44,(anonymous_8)
FN:140,(anonymous_10)
FN:242,(anonymous_12)
FN:315,(anonymous_14)
FN:334,(anonymous_16)
FN:358,(anonymous_18)
FN:366,(anonymous_19)
FN:401,(anonymous_20)
FN:402,(anonymous_21)
FNF:10
FNH:8
FNDA:32,(anonymous_7)
FNDA:32,(anonymous_8)
FNDA:5,(anonymous_10)
FNDA:12,(anonymous_12)
FNDA:2,(anonymous_14)
FNDA:1,(anonymous_16)
FNDA:22,(anonymous_18)
FNDA:10,(anonymous_19)
FNDA:0,(anonymous_20)
FNDA:0,(anonymous_21)
DA:1,3
DA:3,3
DA:4,3
DA:5,3
DA:6,3
DA:7,3
DA:10,3
DA:25,3
DA:30,3
DA:31,32
DA:39,32
DA:40,32
DA:41,32
DA:46,32
DA:47,0
DA:50,32
DA:53,32
DA:54,2
DA:58,30
DA:59,0
DA:62,30
DA:63,30
DA:65,2
DA:68,5
DA:71,12
DA:74,1
DA:77,2
DA:78,2
DA:79,1
DA:81,1
DA:82,0
DA:84,1
DA:88,0
DA:91,1
DA:94,1
DA:95,1
DA:96,1
DA:98,0
DA:99,0
DA:101,0
DA:106,0
DA:107,0
DA:110,0
DA:114,4
DA:129,2
DA:132,1
DA:136,1
DA:141,5
DA:244,12
DA:245,0
DA:248,12
DA:251,12
DA:252,0
DA:255,12
DA:256,12
DA:257,2
DA:260,10
DA:261,10
DA:263,0
DA:267,10
DA:268,10
DA:270,1
DA:273,10
DA:275,10
DA:276,0
DA:277,0
DA:289,10
DA:290,10
DA:291,7
DA:292,0
DA:294,7
DA:296,3
DA:306,3
DA:307,3
DA:317,2
DA:318,0
DA:321,2
DA:323,2
DA:324,0
DA:327,2
DA:328,0
DA:331,2
DA:336,1
DA:337,0
DA:340,1
DA:342,1
DA:343,0
DA:346,1
DA:347,0
DA:351,1
DA:352,0
DA:355,1
DA:359,22
DA:368,10
DA:369,0
DA:374,0
DA:377,10
DA:388,10
DA:398,10
DA:402,0
LF:100
LH:74
BRDA:46,0,0,0
BRDA:46,1,0,32
BRDA:46,1,1,32
BRDA:53,2,0,2
BRDA:58,3,0,0
BRDA:58,4,0,30
BRDA:58,4,1,30
BRDA:63,5,0,2
BRDA:63,5,1,5
BRDA:63,5,2,12
BRDA:63,5,3,1
BRDA:63,5,4,2
BRDA:63,5,5,0
BRDA:63,5,6,1
BRDA:63,5,7,1
BRDA:63,5,8,0
BRDA:63,5,9,0
BRDA:63,5,10,0
BRDA:63,5,11,4
BRDA:63,5,12,2
BRDA:81,6,0,0
BRDA:81,7,0,1
BRDA:81,7,1,1
BRDA:98,8,0,0
BRDA:98,9,0,0
BRDA:98,9,1,0
BRDA:133,10,0,1
BRDA:133,10,1,0
BRDA:244,11,0,0
BRDA:244,12,0,12
BRDA:244,12,1,12
BRDA:251,13,0,0
BRDA:251,14,0,12
BRDA:251,14,1,12
BRDA:256,15,0,2
BRDA:261,16,0,0
BRDA:268,17,0,1
BRDA:268,18,0,10
BRDA:268,18,1,9
BRDA:275,19,0,0
BRDA:291,20,0,0
BRDA:291,21,0,7
BRDA:291,21,1,6
BRDA:297,22,0,3
BRDA:297,22,1,0
BRDA:298,23,0,3
BRDA:298,23,1,0
BRDA:306,24,0,3
BRDA:306,24,1,0
BRDA:317,25,0,0
BRDA:317,26,0,2
BRDA:317,26,1,2
BRDA:323,27,0,0
BRDA:323,28,0,2
BRDA:323,28,1,2
BRDA:327,29,0,0
BRDA:336,30,0,0
BRDA:336,31,0,1
BRDA:336,31,1,1
BRDA:342,32,0,0
BRDA:342,33,0,1
BRDA:342,33,1,1
BRDA:346,34,0,0
BRDA:351,35,0,0
BRDA:351,36,0,1
BRDA:351,36,1,1
BRDA:351,36,2,1
BRDA:351,36,3,1
BRDA:368,37,0,0
BRDA:379,38,0,10
BRDA:379,38,1,0
BRDA:383,39,0,10
BRDA:383,39,1,0
BRDA:394,40,0,0
BRDA:394,40,1,10
BRF:75
BRH:45
end_of_record
TN:
SF:lib/mcp/prompts.ts
FN:77,listPrompts
FN:79,(anonymous_9)
FN:81,(anonymous_10)
FN:88,getPrompt
FN:108,generateTopicSearchPrompt
FN:148,generateTopicAndDateRangeSearchPrompt
FN:194,generateLegislatorSearchPrompt
FN:237,generateCommitteeAnalysisPrompt
FN:280,generateMeetingDetailsPrompt
FNF:9
FNH:0
FNDA:0,listPrompts
FNDA:0,(anonymous_9)
FNDA:0,(anonymous_10)
FNDA:0,getPrompt
FNDA:0,generateTopicSearchPrompt
FNDA:0,generateTopicAndDateRangeSearchPrompt
FNDA:0,generateLegislatorSearchPrompt
FNDA:0,generateCommitteeAnalysisPrompt
FNDA:0,generateMeetingDetailsPrompt
DA:1,2
DA:30,2
DA:77,2
DA:78,0
DA:79,0
DA:80,0
DA:81,0
DA:83,0
DA:84,0
DA:88,2
DA:89,0
DA:90,0
DA:92,0
DA:94,0
DA:96,0
DA:98,0
DA:100,0
DA:102,0
DA:109,0
DA:111,0
DA:142,0
DA:149,0
DA:150,0
DA:151,0
DA:153,0
DA:157,0
DA:188,0
DA:195,0
DA:196,0
DA:198,0
DA:201,0
DA:231,0
DA:238,0
DA:239,0
DA:241,0
DA:244,0
DA:274,0
DA:281,0
DA:283,0
DA:313,0
LF:40
LH:4
BRDA:80,0,0,0
BRDA:80,0,1,0
BRDA:80,1,0,0
BRDA:80,1,1,0
BRDA:83,2,0,0
BRDA:83,2,1,0
BRDA:90,3,0,0
BRDA:90,3,1,0
BRDA:90,3,2,0
BRDA:90,3,3,0
BRDA:90,3,4,0
BRDA:90,3,5,0
BRDA:109,4,0,0
BRDA:109,4,1,0
BRDA:109,5,0,0
BRDA:109,5,1,0
BRDA:109,6,0,0
BRDA:109,6,1,0
BRDA:149,7,0,0
BRDA:149,7,1,0
BRDA:149,8,0,0
BRDA:149,8,1,0
BRDA:149,9,0,0
BRDA:149,9,1,0
BRDA:150,10,0,0
BRDA:150,10,1,0
BRDA:150,11,0,0
BRDA:150,11,1,0
BRDA:150,12,0,0
BRDA:150,12,1,0
BRDA:151,13,0,0
BRDA:151,13,1,0
BRDA:151,14,0,0
BRDA:151,14,1,0
BRDA:151,15,0,0
BRDA:151,15,1,0
BRDA:153,16,0,0
BRDA:153,16,1,0
BRDA:153,17,0,0
BRDA:153,17,1,0
BRDA:154,18,0,0
BRDA:154,18,1,0
BRDA:155,19,0,0
BRDA:155,19,1,0
BRDA:195,20,0,0
BRDA:195,20,1,0
BRDA:195,21,0,0
BRDA:195,21,1,0
BRDA:195,22,0,0
BRDA:195,22,1,0
BRDA:196,23,0,0
BRDA:196,23,1,0
BRDA:196,24,0,0
BRDA:196,24,1,0
BRDA:196,25,0,0
BRDA:196,25,1,0
BRDA:198,26,0,0
BRDA:198,26,1,0
BRDA:202,27,0,0
BRDA:202,27,1,0
BRDA:238,28,0,0
BRDA:238,28,1,0
BRDA:238,29,0,0
BRDA:238,29,1,0
BRDA:238,30,0,0
BRDA:238,30,1,0
BRDA:239,31,0,0
BRDA:239,31,1,0
BRDA:239,32,0,0
BRDA:239,32,1,0
BRDA:239,33,0,0
BRDA:239,33,1,0
BRDA:241,34,0,0
BRDA:241,34,1,0
BRDA:245,35,0,0
BRDA:245,35,1,0
BRDA:281,36,0,0
BRDA:281,36,1,0
BRDA:281,37,0,0
BRDA:281,37,1,0
BRDA:281,38,0,0
BRDA:281,38,1,0
BRF:82
BRH:0
end_of_record
TN:
SF:lib/mcp/rate-limiter.ts
FN:16,(anonymous_0)
FN:34,(anonymous_1)
FN:115,(anonymous_2)
FN:126,(anonymous_3)
FN:135,(anonymous_4)
FN:153,(anonymous_5)
FN:154,(anonymous_6)
FN:183,(anonymous_7)
FN:201,getClientIdentifier
FNF:9
FNH:4
FNDA:2,(anonymous_0)
FNDA:9,(anonymous_1)
FNDA:0,(anonymous_2)
FNDA:0,(anonymous_3)
FNDA:0,(anonymous_4)
FNDA:2,(anonymous_5)
FNDA:0,(anonymous_6)
FNDA:0,(anonymous_7)
FNDA:9,getClientIdentifier
DA:1,2
DA:9,2
DA:10,2
DA:14,2
DA:21,2
DA:22,2
DA:23,2
DA:26,2
DA:40,9
DA:41,9
DA:44,9
DA:45,0
DA:47,0
DA:48,0
DA:53,0
DA:63,9
DA:64,2
DA:69,2
DA:71,2
DA:79,7
DA:82,7
DA:84,0
DA:85,0
DA:87,0
DA:97,0
DA:105,7
DA:116,0
DA:117,0
DA:131,0
DA:132,0
DA:133,0
DA:135,0
DA:136,0
DA:137,0
DA:138,0
DA:139,0
DA:143,0
DA:154,2
DA:155,0
DA:156,0
DA:158,0
DA:159,0
DA:160,0
DA:164,0
DA:165,0
DA:168,0
DA:169,0
DA:184,0
DA:185,0
DA:186,0
DA:192,2
DA:201,2
DA:203,9
DA:204,9
DA:205,0
DA:206,0
DA:210,9
DA:211,9
DA:212,0
DA:216,9
LF:60
LH:26
BRDA:16,0,0,0
BRDA:21,1,0,2
BRDA:21,1,1,0
BRDA:22,2,0,2
BRDA:22,2,1,0
BRDA:23,3,0,2
BRDA:23,3,1,0
BRDA:44,4,0,0
BRDA:44,5,0,2
BRDA:44,5,1,7
BRDA:44,6,0,9
BRDA:44,6,1,9
BRDA:45,7,0,0
BRDA:45,7,1,0
BRDA:63,8,0,2
BRDA:63,9,0,9
BRDA:63,9,1,7
BRDA:82,10,0,0
BRDA:136,11,0,0
BRDA:136,11,1,0
BRDA:136,12,0,0
BRDA:136,12,1,0
BRDA:138,13,0,0
BRDA:138,14,0,0
BRDA:138,14,1,0
BRDA:159,15,0,0
BRDA:168,16,0,0
BRDA:184,17,0,0
BRDA:193,18,0,2
BRDA:193,18,1,2
BRDA:194,19,0,2
BRDA:194,19,1,2
BRDA:195,20,0,2
BRDA:195,20,1,2
BRDA:204,21,0,0
BRDA:205,22,0,0
BRDA:205,22,1,0
BRDA:211,23,0,0
BRDA:211,24,0,9
BRDA:211,24,1,0
BRDA:216,25,0,9
BRDA:216,25,1,0
BRF:42
BRH:18
end_of_record
TN:
SF:lib/mcp/resources.ts
FN:83,listResources
FN:89,readResource
FN:111,(anonymous_17)
FN:117,(anonymous_18)
FN:118,(anonymous_19)
FN:154,checkResourceExists
FN:158,(anonymous_22)
FN:173,listResourceTemplates
FN:178,getResourceTemplate
FN:181,(anonymous_27)
FN:186,parseTemplateUri
FN:209,(anonymous_29)
FN:217,generateTemplateContent
FN:248,generateTopicSearch
FN:252,generateLegislatorSearch
FN:256,generateMeetingSearch
FN:260,generateCommitteeSearch
FN:264,generateFullTranscript
FNF:18
FNH:0
FNDA:0,listResources
FNDA:0,readResource
FNDA:0,(anonymous_17)
FNDA:0,(anonymous_18)
FNDA:0,(anonymous_19)
FNDA:0,checkResourceExists
FNDA:0,(anonymous_22)
FNDA:0,listResourceTemplates
FNDA:0,getResourceTemplate
FNDA:0,(anonymous_27)
FNDA:0,parseTemplateUri
FNDA:0,(anonymous_29)
FNDA:0,generateTemplateContent
FNDA:0,generateTopicSearch
FNDA:0,generateLegislatorSearch
FNDA:0,generateMeetingSearch
FNDA:0,generateCommitteeSearch
FNDA:0,generateFullTranscript
DA:1,2
DA:5,2
DA:44,2
DA:83,2
DA:84,0
DA:85,0
DA:89,2
DA:90,0
DA:93,0
DA:94,0
DA:95,0
DA:96,0
DA:98,0
DA:99,0
DA:100,0
DA:111,0
DA:112,0
DA:113,0
DA:116,0
DA:117,0
DA:118,0
DA:121,0
DA:129,0
DA:130,0
DA:131,0
DA:134,0
DA:135,0
DA:137,0
DA:145,0
DA:149,0
DA:154,2
DA:155,0
DA:158,0
DA:159,0
DA:163,0
DA:164,0
DA:165,0
DA:166,0
DA:170,0
DA:173,2
DA:174,0
DA:175,0
DA:178,2
DA:179,0
DA:181,0
DA:182,0
DA:186,2
DA:188,0
DA:189,0
DA:193,0
DA:194,0
DA:198,0
DA:199,0
DA:202,0
DA:203,0
DA:204,0
DA:208,0
DA:209,0
DA:210,0
DA:213,0
DA:217,2
DA:221,0
DA:222,0
DA:223,0
DA:226,0
DA:228,0
DA:231,0
DA:234,0
DA:237,0
DA:240,0
DA:243,0
DA:249,0
DA:253,0
DA:257,0
DA:261,0
DA:265,0
LF:76
LH:10
BRDA:96,0,0,0
BRDA:104,1,0,0
BRDA:104,1,1,0
BRDA:112,2,0,0
BRDA:130,3,0,0
BRDA:158,4,0,0
BRDA:165,5,0,0
BRDA:182,6,0,0
BRDA:182,6,1,0
BRDA:203,7,0,0
BRDA:222,8,0,0
BRDA:226,9,0,0
BRDA:226,9,1,0
BRDA:226,9,2,0
BRDA:226,9,3,0
BRDA:226,9,4,0
BRDA:226,9,5,0
BRF:17
BRH:0
end_of_record
TN:
SF:lib/mcp/search.ts
FN:33,searchTranscripts
FN:48,(anonymous_10)
FN:48,(anonymous_11)
FN:102,executeSearch
FN:114,searchAllFields
FN:121,searchTranscriptOnly
FN:128,performPrismaQuery
FN:178,buildSearchConditions
FN:215,(anonymous_21)
FN:228,(anonymous_22)
FN:268,formatTranscriptResult
FN:314,extractContextualExcerpts
FN:347,(anonymous_27)
FN:364,(anonymous_28)
FN:367,getAllSearchTerms
FN:384,(anonymous_30)
FN:387,parseCommitteeNames
FN:403,getMeetingTranscript
FNF:18
FNH:6
FNDA:3,searchTranscripts
FNDA:0,(anonymous_10)
FNDA:0,(anonymous_11)
FNDA:3,executeSearch
FNDA:0,searchAllFields
FNDA:3,searchTranscriptOnly
FNDA:3,performPrismaQuery
FNDA:3,buildSearchConditions
FNDA:1,(anonymous_21)
FNDA:0,(anonymous_22)
FNDA:0,formatTranscriptResult
FNDA:0,extractContextualExcerpts
FNDA:0,(anonymous_27)
FNDA:0,(anonymous_28)
FNDA:0,getAllSearchTerms
FNDA:0,(anonymous_30)
FNDA:0,parseCommitteeNames
FNDA:0,getMeetingTranscript
DA:2,1
DA:3,1
DA:4,1
DA:5,1
DA:6,1
DA:10,1
DA:28,1
DA:33,1
DA:34,3
DA:36,3
DA:37,3
DA:39,3
DA:44,3
DA:47,3
DA:48,0
DA:49,0
DA:53,3
DA:65,3
DA:72,3
DA:81,0
DA:85,0
DA:103,3
DA:105,0
DA:107,3
DA:109,0
DA:115,0
DA:117,0
DA:122,3
DA:124,3
DA:129,3
DA:132,3
DA:133,3
DA:134,0
DA:135,0
DA:137,0
DA:140,0
DA:142,0
DA:146,3
DA:166,3
DA:167,3
DA:168,0
DA:169,0
DA:170,0
DA:174,3
DA:179,3
DA:180,3
DA:183,3
DA:184,2
DA:186,2
DA:188,0
DA:197,2
DA:199,0
DA:204,2
DA:210,2
DA:214,3
DA:215,1
DA:216,1
DA:218,1
DA:222,3
DA:223,0
DA:227,3
DA:228,0
DA:229,0
DA:231,0
DA:235,3
DA:236,0
DA:237,0
DA:238,0
DA:239,0
DA:241,0
DA:242,0
DA:243,0
DA:245,0
DA:249,3
DA:251,0
DA:256,3
DA:264,3
DA:273,0
DA:275,0
DA:276,0
DA:279,0
DA:280,0
DA:284,0
DA:285,0
DA:291,0
DA:323,0
DA:326,0
DA:327,0
DA:329,0
DA:331,0
DA:332,0
DA:334,0
DA:335,0
DA:336,0
DA:337,0
DA:339,0
DA:342,0
DA:343,0
DA:347,0
DA:348,0
DA:357,0
DA:360,0
DA:364,0
DA:368,0
DA:370,0
DA:372,0
DA:373,0
DA:376,0
DA:377,0
DA:380,0
DA:381,0
DA:384,0
DA:388,0
DA:390,0
DA:391,0
DA:392,0
DA:393,0
DA:395,0
DA:399,0
DA:403,1
DA:404,0
DA:406,0
DA:407,0
DA:409,0
DA:416,0
DA:434,0
DA:435,0
DA:447,0
DA:450,0
DA:452,0
DA:453,0
DA:454,0
DA:456,0
DA:457,0
DA:458,0
DA:461,0
DA:462,0
DA:463,0
DA:464,0
DA:465,0
DA:466,0
DA:468,0
DA:469,0
DA:473,0
DA:494,0
DA:503,0
DA:517,0
DA:521,0
LF:148
LH:47
BRDA:82,0,0,0
BRDA:82,0,1,0
BRDA:83,1,0,0
BRDA:83,1,1,0
BRDA:89,2,0,0
BRDA:89,2,1,0
BRDA:103,3,0,0
BRDA:103,3,1,3
BRDA:103,3,2,0
BRDA:133,4,0,0
BRDA:135,5,0,0
BRDA:135,5,1,0
BRDA:135,6,0,0
BRDA:135,6,1,0
BRDA:151,7,0,0
BRDA:151,7,1,3
BRDA:167,8,0,0
BRDA:169,9,0,0
BRDA:178,10,0,0
BRDA:183,11,0,2
BRDA:186,12,0,0
BRDA:197,13,0,0
BRDA:197,13,1,2
BRDA:214,14,0,1
BRDA:214,15,0,3
BRDA:214,15,1,1
BRDA:222,16,0,0
BRDA:227,17,0,0
BRDA:227,18,0,3
BRDA:227,18,1,0
BRDA:235,19,0,0
BRDA:235,20,0,3
BRDA:235,20,1,3
BRDA:237,21,0,0
BRDA:239,22,0,0
BRDA:241,23,0,0
BRDA:243,24,0,0
BRDA:249,25,0,0
BRDA:249,25,1,3
BRDA:264,26,0,3
BRDA:264,26,1,0
BRDA:273,27,0,0
BRDA:273,27,1,0
BRDA:279,28,0,0
BRDA:279,28,1,0
BRDA:280,29,0,0
BRDA:280,29,1,0
BRDA:306,30,0,0
BRDA:306,30,1,0
BRDA:306,31,0,0
BRDA:306,31,1,0
BRDA:306,32,0,0
BRDA:306,32,1,0
BRDA:323,33,0,0
BRDA:323,34,0,0
BRDA:323,34,1,0
BRDA:326,35,0,0
BRDA:326,35,1,0
BRDA:327,36,0,0
BRDA:332,37,0,0
BRDA:332,38,0,0
BRDA:332,38,1,0
BRDA:335,39,0,0
BRDA:342,40,0,0
BRDA:347,41,0,0
BRDA:357,42,0,0
BRDA:360,43,0,0
BRDA:372,44,0,0
BRDA:376,45,0,0
BRDA:380,46,0,0
BRDA:388,47,0,0
BRDA:390,48,0,0
BRDA:393,49,0,0
BRDA:393,49,1,0
BRDA:399,50,0,0
BRDA:399,50,1,0
BRDA:434,51,0,0
BRDA:450,52,0,0
BRDA:450,52,1,0
BRDA:450,52,2,0
BRDA:450,52,3,0
BRDA:461,53,0,0
BRDA:461,53,1,0
BRDA:461,54,0,0
BRDA:461,54,1,0
BRDA:464,55,0,0
BRDA:464,55,1,0
BRDA:464,56,0,0
BRDA:464,56,1,0
BRDA:468,57,0,0
BRDA:468,57,1,0
BRDA:469,58,0,0
BRDA:469,58,1,0
BRDA:475,59,0,0
BRDA:475,59,1,0
BRDA:479,60,0,0
BRDA:479,60,1,0
BRDA:480,61,0,0
BRDA:480,61,1,0
BRDA:482,62,0,0
BRDA:482,62,1,0
BRDA:488,63,0,0
BRDA:488,63,1,0
BRDA:488,64,0,0
BRDA:488,64,1,0
BRDA:488,65,0,0
BRDA:488,65,1,0
BRDA:498,66,0,0
BRDA:498,66,1,0
BRDA:498,67,0,0
BRDA:498,67,1,0
BRDA:498,68,0,0
BRDA:498,68,1,0
BRDA:518,69,0,0
BRDA:518,69,1,0
BRDA:519,70,0,0
BRDA:519,70,1,0
BRDA:525,71,0,0
BRDA:525,71,1,0
BRF:119
BRH:12
end_of_record
TN:
SF:pages/api/mcp.ts
FN:7,mcpEndpoint
FNF:1
FNH:1
FNDA:10,mcpEndpoint
DA:2,2
DA:3,2
DA:4,2
DA:5,2
DA:7,2
DA:9,10
DA:10,10
DA:11,10
DA:12,10
DA:15,10
DA:16,0
DA:20,10
DA:21,1
DA:32,9
DA:33,9
DA:35,9
DA:36,0
DA:41,0
DA:42,0
DA:43,0
DA:45,0
DA:46,0
DA:49,0
DA:58,0
DA:75,9
DA:76,9
DA:77,9
DA:79,9
DA:81,9
DA:82,9
DA:88,9
DA:90,8
DA:98,8
DA:100,1
DA:104,1
LF:35
LH:26
BRDA:15,0,0,0
BRDA:20,1,0,1
BRDA:35,2,0,0
BRDA:36,3,0,0
BRDA:36,3,1,0
BRDA:45,4,0,0
BRDA:60,5,0,0
BRDA:60,5,1,0
BRDA:60,6,0,0
BRDA:60,6,1,0
BRDA:60,7,0,0
BRDA:60,7,1,0
BRDA:83,8,0,0
BRDA:83,8,1,9
BRDA:83,9,0,9
BRDA:83,9,1,9
BRDA:85,10,0,0
BRDA:85,10,1,9
BRDA:85,11,0,9
BRDA:85,11,1,9
BRDA:91,12,0,0
BRDA:91,12,1,8
BRDA:91,13,0,8
BRDA:91,13,1,8
BRDA:93,14,0,0
BRDA:93,14,1,8
BRDA:93,15,0,8
BRDA:93,15,1,8
BRDA:94,16,0,8
BRDA:94,16,1,0
BRDA:101,17,0,1
BRDA:101,17,1,0
BRDA:102,18,0,1
BRDA:102,18,1,0
BRDA:106,19,0,1
BRDA:106,19,1,0
BRDA:106,20,0,0
BRDA:106,20,1,1
BRDA:106,21,0,1
BRDA:106,21,1,1
BRF:40
BRH:20
end_of_record
