TN:
SF:components/ChevronIcon.tsx
FN:9,(anonymous_3)
FNF:1
FNH:1
FNDA:20,(anonymous_3)
DA:2,1
DA:9,20
DA:10,20
DA:27,1
LF:4
LH:4
BRDA:9,0,0,0
BRDA:9,0,1,20
BRDA:17,1,0,4
BRDA:17,1,1,16
BRF:4
BRH:3
end_of_record
TN:
SF:components/ClientOnly.tsx
FN:8,ClientOnly
FN:11,(anonymous_1)
FNF:2
FNH:2
FNDA:40,ClientOnly
FNDA:20,(anonymous_1)
DA:1,1
DA:8,40
DA:9,40
DA:11,40
DA:12,20
DA:15,40
DA:16,20
DA:19,20
LF:8
LH:8
BRDA:8,0,0,0
BRDA:8,0,1,40
BRDA:15,1,0,20
BRF:3
BRH:2
end_of_record
TN:
SF:components/ErrorBoundary.tsx
FN:15,(anonymous_14)
FN:16,ErrorBoundary
FN:21,(anonymous_16)
FN:26,(anonymous_17)
FN:48,(anonymous_18)
FN:108,(anonymous_19)
FN:114,(anonymous_20)
FNF:7
FNH:5
FNDA:1,(anonymous_14)
FNDA:41,ErrorBoundary
FNDA:38,(anonymous_16)
FNDA:19,(anonymous_17)
FNDA:99,(anonymous_18)
FNDA:0,(anonymous_19)
FNDA:0,(anonymous_20)
DA:1,1
DA:2,1
DA:15,1
DA:17,41
DA:18,40
DA:21,1
DA:23,38
DA:26,1
DA:28,19
DA:29,19
DA:30,19
DA:31,19
DA:32,19
DA:35,19
DA:42,19
DA:48,99
DA:49,99
DA:51,57
DA:52,3
DA:55,54
DA:108,0
DA:114,0
DA:125,42
DA:127,1
DA:129,1
LF:25
LH:23
BRDA:17,0,0,41
BRDA:17,0,1,40
BRDA:49,1,0,57
BRDA:51,2,0,3
BRDA:74,3,0,54
BRDA:74,3,1,54
BRDA:85,4,0,54
BRDA:85,4,1,6
BRDA:85,4,2,6
BRDA:94,5,0,6
BRDA:94,5,1,2
BRF:11
BRH:11
end_of_record
TN:
SF:components/Header.tsx
FN:10,(anonymous_3)
FN:70,(anonymous_4)
FNF:2
FNH:2
FNDA:26,(anonymous_3)
FNDA:52,(anonymous_4)
DA:2,1
DA:3,1
DA:4,1
DA:10,26
DA:11,26
DA:13,26
DA:18,26
DA:70,52
DA:89,1
LF:9
LH:9
BRDA:75,0,0,25
BRDA:75,0,1,27
BRF:2
BRH:2
end_of_record
TN:
SF:components/Icon.tsx
FN:8,(anonymous_2)
FNF:1
FNH:1
FNDA:25,(anonymous_2)
DA:8,25
DA:9,25
DA:21,25
DA:37,2
LF:4
LH:4
BRDA:8,0,0,0
BRDA:8,0,1,25
BRF:2
BRH:1
end_of_record
TN:
SF:components/SearchHeader.tsx
FN:32,SearchHeader
FN:48,(anonymous_4)
FN:67,(anonymous_5)
FN:78,(anonymous_6)
FN:116,(anonymous_7)
FN:135,(anonymous_8)
FN:156,(anonymous_9)
FN:171,(anonymous_10)
FN:186,(anonymous_11)
FN:200,(anonymous_12)
FN:213,(anonymous_13)
FNF:11
FNH:4
FNDA:20,SearchHeader
FNDA:0,(anonymous_4)
FNDA:1,(anonymous_5)
FNDA:1,(anonymous_6)
FNDA:1,(anonymous_7)
FNDA:0,(anonymous_8)
FNDA:0,(anonymous_9)
FNDA:0,(anonymous_10)
FNDA:0,(anonymous_11)
FNDA:0,(anonymous_12)
FNDA:0,(anonymous_13)
DA:2,1
DA:3,1
DA:32,1
DA:33,20
DA:34,20
DA:35,20
DA:36,20
DA:37,20
DA:38,20
DA:39,20
DA:40,20
DA:41,20
DA:42,20
DA:43,20
DA:44,20
DA:45,20
DA:46,20
DA:48,20
DA:49,0
DA:52,20
DA:67,1
DA:78,1
DA:116,1
DA:135,0
DA:156,0
DA:171,0
DA:186,0
DA:200,0
DA:213,0
LF:29
LH:22
BRDA:65,0,0,20
BRDA:65,0,1,0
BRDA:124,1,0,20
BRDA:124,1,1,2
BRDA:145,2,0,20
BRDA:145,2,1,4
BRF:6
BRH:5
end_of_record
TN:
SF:components/SearchResults.tsx
FN:14,SearchResults
FN:22,(anonymous_4)
FN:57,(anonymous_5)
FNF:3
FNH:3
FNDA:23,SearchResults
FNDA:23,(anonymous_4)
FNDA:23,(anonymous_5)
DA:2,1
DA:3,1
DA:14,1
DA:15,23
DA:16,23
DA:17,23
DA:18,23
DA:19,23
DA:22,23
DA:23,23
DA:25,21
DA:57,23
DA:58,23
DA:59,2
DA:62,21
DA:63,16
DA:67,5
DA:76,23
LF:18
LH:18
BRDA:23,0,0,2
BRDA:28,1,0,21
BRDA:28,1,1,5
BRDA:28,2,0,1
BRDA:28,2,1,20
BRDA:28,3,0,21
BRDA:28,3,1,21
BRDA:29,4,0,21
BRDA:29,4,1,4
BRDA:29,4,2,2
BRDA:34,5,0,21
BRDA:34,5,1,17
BRDA:34,5,2,2
BRDA:39,6,0,21
BRDA:39,6,1,4
BRDA:39,6,2,1
BRDA:46,7,0,21
BRDA:46,7,1,2
BRDA:58,8,0,2
BRDA:62,9,0,16
BRDA:62,10,0,21
BRDA:62,10,1,19
BRDA:62,11,0,2
BRDA:62,11,1,19
BRDA:62,12,0,21
BRDA:62,12,1,19
BRF:26
BRH:26
end_of_record
